CRITICAL - 2023-07-05 01:01:54 --> explode(): Argument #3 ($limit) must be of type int, string given
in APPPATH\Controllers\Reservas.php on line 78.
 1 APPPATH\Controllers\Reservas.php(78): explode('1,2', ',', '')
 2 SYSTEMPATH\CodeIgniter.php(932): App\Controllers\Reservas->search()
 3 SYSTEMPATH\CodeIgniter.php(497): CodeIgniter\CodeIgniter->runController(Object(App\Controllers\Reservas))
 4 SYSTEMPATH\CodeIgniter.php(366): CodeIgniter\CodeIgniter->handleRequest(null, Object(Config\Cache), false)
 5 FCPATH\index.php(67): CodeIgniter\CodeIgniter->run()
CRITICAL - 2023-07-05 01:10:07 --> Call to undefined function App\Controllers\push()
in APPPATH\Controllers\Reservas.php on line 82.
 1 SYSTEMPATH\CodeIgniter.php(932): App\Controllers\Reservas->search()
 2 SYSTEMPATH\CodeIgniter.php(497): CodeIgniter\CodeIgniter->runController(Object(App\Controllers\Reservas))
 3 SYSTEMPATH\CodeIgniter.php(366): CodeIgniter\CodeIgniter->handleRequest(null, Object(Config\Cache), false)
 4 FCPATH\index.php(67): CodeIgniter\CodeIgniter->run()
CRITICAL - 2023-07-05 01:11:44 --> explode(): Argument #2 ($string) must be of type string, array given
in APPPATH\Controllers\Reservas.php on line 84.
 1 APPPATH\Controllers\Reservas.php(84): explode(',', [...])
 2 SYSTEMPATH\CodeIgniter.php(932): App\Controllers\Reservas->search()
 3 SYSTEMPATH\CodeIgniter.php(497): CodeIgniter\CodeIgniter->runController(Object(App\Controllers\Reservas))
 4 SYSTEMPATH\CodeIgniter.php(366): CodeIgniter\CodeIgniter->handleRequest(null, Object(Config\Cache), false)
 5 FCPATH\index.php(67): CodeIgniter\CodeIgniter->run()
CRITICAL - 2023-07-05 01:32:16 --> Unsupported operand types: string + string
in APPPATH\Controllers\Reservas.php on line 92.
 1 SYSTEMPATH\CodeIgniter.php(932): App\Controllers\Reservas->search()
 2 SYSTEMPATH\CodeIgniter.php(497): CodeIgniter\CodeIgniter->runController(Object(App\Controllers\Reservas))
 3 SYSTEMPATH\CodeIgniter.php(366): CodeIgniter\CodeIgniter->handleRequest(null, Object(Config\Cache), false)
 4 FCPATH\index.php(67): CodeIgniter\CodeIgniter->run()
ERROR - 2023-07-05 01:33:01 --> mysqli_sql_exception: You have an error in your SQL syntax; check the manual that corresponds to your MySQL server version for the right syntax to use near '12' at line 1 in C:\wamp64\www\Torremar\system\Database\MySQLi\Connection.php:295
Stack trace:
#0 C:\wamp64\www\Torremar\system\Database\MySQLi\Connection.php(295): mysqli->query('12', 0)
#1 C:\wamp64\www\Torremar\system\Database\BaseConnection.php(692): CodeIgniter\Database\MySQLi\Connection->execute('12')
#2 C:\wamp64\www\Torremar\system\Database\BaseConnection.php(606): CodeIgniter\Database\BaseConnection->simpleQuery('12')
#3 C:\wamp64\www\Torremar\app\Controllers\Reservas.php(95): CodeIgniter\Database\BaseConnection->query('12')
#4 C:\wamp64\www\Torremar\system\CodeIgniter.php(932): App\Controllers\Reservas->search()
#5 C:\wamp64\www\Torremar\system\CodeIgniter.php(497): CodeIgniter\CodeIgniter->runController(Object(App\Controllers\Reservas))
#6 C:\wamp64\www\Torremar\system\CodeIgniter.php(366): CodeIgniter\CodeIgniter->handleRequest(NULL, Object(Config\Cache), false)
#7 C:\wamp64\www\Torremar\public\index.php(67): CodeIgniter\CodeIgniter->run()
#8 {main}
CRITICAL - 2023-07-05 01:33:01 --> You have an error in your SQL syntax; check the manual that corresponds to your MySQL server version for the right syntax to use near '12' at line 1
in SYSTEMPATH\Database\MySQLi\Connection.php on line 295.
 1 SYSTEMPATH\Database\MySQLi\Connection.php(295): mysqli->query('12', 0)
 2 SYSTEMPATH\Database\BaseConnection.php(692): CodeIgniter\Database\MySQLi\Connection->execute('12')
 3 SYSTEMPATH\Database\BaseConnection.php(606): CodeIgniter\Database\BaseConnection->simpleQuery('12')
 4 APPPATH\Controllers\Reservas.php(95): CodeIgniter\Database\BaseConnection->query('12')
 5 SYSTEMPATH\CodeIgniter.php(932): App\Controllers\Reservas->search()
 6 SYSTEMPATH\CodeIgniter.php(497): CodeIgniter\CodeIgniter->runController(Object(App\Controllers\Reservas))
 7 SYSTEMPATH\CodeIgniter.php(366): CodeIgniter\CodeIgniter->handleRequest(null, Object(Config\Cache), false)
 8 FCPATH\index.php(67): CodeIgniter\CodeIgniter->run()
CRITICAL - 2023-07-05 01:35:43 --> Trying to access array offset on value of type null
in APPPATH\Controllers\Users.php on line 78.
 1 APPPATH\Controllers\Users.php(78): CodeIgniter\Debug\Exceptions->errorHandler(2, 'Trying to access array offset on value of type null', 'C:\\wamp64\\www\\Torremar\\app\\Controllers\\Users.php', 78)
 2 SYSTEMPATH\CodeIgniter.php(932): App\Controllers\Users->logout()
 3 SYSTEMPATH\CodeIgniter.php(497): CodeIgniter\CodeIgniter->runController(Object(App\Controllers\Users))
 4 SYSTEMPATH\CodeIgniter.php(366): CodeIgniter\CodeIgniter->handleRequest(null, Object(Config\Cache), false)
 5 FCPATH\index.php(67): CodeIgniter\CodeIgniter->run()
CRITICAL - 2023-07-05 02:39:37 --> Undefined array key "kids"
in APPPATH\Controllers\Reservas.php on line 68.
 1 APPPATH\Controllers\Reservas.php(68): CodeIgniter\Debug\Exceptions->errorHandler(2, 'Undefined array key "kids"', 'C:\\wamp64\\www\\Torremar\\app\\Controllers\\Reservas.php', 68)
 2 SYSTEMPATH\CodeIgniter.php(932): App\Controllers\Reservas->search()
 3 SYSTEMPATH\CodeIgniter.php(497): CodeIgniter\CodeIgniter->runController(Object(App\Controllers\Reservas))
 4 SYSTEMPATH\CodeIgniter.php(366): CodeIgniter\CodeIgniter->handleRequest(null, Object(Config\Cache), false)
 5 FCPATH\index.php(67): CodeIgniter\CodeIgniter->run()
CRITICAL - 2023-07-05 02:48:04 --> Cannot use object of type stdClass as array
in APPPATH\Views\search.php on line 7.
 1 SYSTEMPATH\View\View.php(224): include()
 2 SYSTEMPATH\View\View.php(227): CodeIgniter\View\View->CodeIgniter\View\{closure}()
 3 SYSTEMPATH\Common.php(1180): CodeIgniter\View\View->render('search', [], true)
 4 APPPATH\Controllers\Reservas.php(98): view('search', [...])
 5 SYSTEMPATH\CodeIgniter.php(932): App\Controllers\Reservas->search()
 6 SYSTEMPATH\CodeIgniter.php(497): CodeIgniter\CodeIgniter->runController(Object(App\Controllers\Reservas))
 7 SYSTEMPATH\CodeIgniter.php(366): CodeIgniter\CodeIgniter->handleRequest(null, Object(Config\Cache), false)
 8 FCPATH\index.php(67): CodeIgniter\CodeIgniter->run()
CRITICAL - 2023-07-05 03:58:26 --> Cannot use object of type stdClass as array
in APPPATH\Views\search.php on line 22.
 1 SYSTEMPATH\View\View.php(224): include()
 2 SYSTEMPATH\View\View.php(227): CodeIgniter\View\View->CodeIgniter\View\{closure}()
 3 SYSTEMPATH\Common.php(1180): CodeIgniter\View\View->render('search', [], true)
 4 APPPATH\Controllers\Reservas.php(98): view('search', [...])
 5 SYSTEMPATH\CodeIgniter.php(932): App\Controllers\Reservas->search()
 6 SYSTEMPATH\CodeIgniter.php(497): CodeIgniter\CodeIgniter->runController(Object(App\Controllers\Reservas))
 7 SYSTEMPATH\CodeIgniter.php(366): CodeIgniter\CodeIgniter->handleRequest(null, Object(Config\Cache), false)
 8 FCPATH\index.php(67): CodeIgniter\CodeIgniter->run()
CRITICAL - 2023-07-05 04:01:51 --> Undefined array key "res_kids"
in APPPATH\Views\user\dashboard.php on line 31.
 1 APPPATH\Views\user\dashboard.php(31): CodeIgniter\Debug\Exceptions->errorHandler(2, 'Undefined array key "res_kids"', 'C:\\wamp64\\www\\Torremar\\app\\Views\\user\\dashboard.php', 31)
 2 SYSTEMPATH\View\View.php(224): include('C:\\wamp64\\www\\Torremar\\app\\Views\\user\\dashboard.php')
 3 SYSTEMPATH\View\View.php(227): CodeIgniter\View\View->CodeIgniter\View\{closure}()
 4 SYSTEMPATH\Common.php(1180): CodeIgniter\View\View->render('user/dashboard', [], true)
 5 APPPATH\Controllers\Users.php(19): view('user/dashboard', [...])
 6 SYSTEMPATH\CodeIgniter.php(932): App\Controllers\Users->dashboard()
 7 SYSTEMPATH\CodeIgniter.php(497): CodeIgniter\CodeIgniter->runController(Object(App\Controllers\Users))
 8 SYSTEMPATH\CodeIgniter.php(366): CodeIgniter\CodeIgniter->handleRequest(null, Object(Config\Cache), false)
 9 FCPATH\index.php(67): CodeIgniter\CodeIgniter->run()
