CRITICAL - 2023-07-06 14:44:41 --> Undefined variable $d
in APPPATH\Controllers\Reservas.php on line 85.
 1 APPPATH\Controllers\Reservas.php(85): CodeIgniter\Debug\Exceptions->errorHandler(2, 'Undefined variable $d', 'C:\\wamp64\\www\\Torremar\\app\\Controllers\\Reservas.php', 85)
 2 SYSTEMPATH\CodeIgniter.php(932): App\Controllers\Reservas->search()
 3 SYSTEMPATH\CodeIgniter.php(497): CodeIgniter\CodeIgniter->runController(Object(App\Controllers\Reservas))
 4 SYSTEMPATH\CodeIgniter.php(366): CodeIgniter\CodeIgniter->handleRequest(null, Object(Config\Cache), false)
 5 FCPATH\index.php(67): CodeIgniter\CodeIgniter->run()
CRITICAL - 2023-07-06 15:05:18 --> Undefined variable $d
in APPPATH\Controllers\Reservas.php on line 85.
 1 APPPATH\Controllers\Reservas.php(85): CodeIgniter\Debug\Exceptions->errorHandler(2, 'Undefined variable $d', 'C:\\wamp64\\www\\Torremar\\app\\Controllers\\Reservas.php', 85)
 2 SYSTEMPATH\CodeIgniter.php(932): App\Controllers\Reservas->search()
 3 SYSTEMPATH\CodeIgniter.php(497): CodeIgniter\CodeIgniter->runController(Object(App\Controllers\Reservas))
 4 SYSTEMPATH\CodeIgniter.php(366): CodeIgniter\CodeIgniter->handleRequest(null, Object(Config\Cache), false)
 5 FCPATH\index.php(67): CodeIgniter\CodeIgniter->run()
CRITICAL - 2023-07-06 15:09:18 --> Undefined variable $d
in APPPATH\Controllers\Reservas.php on line 85.
 1 APPPATH\Controllers\Reservas.php(85): CodeIgniter\Debug\Exceptions->errorHandler(2, 'Undefined variable $d', 'C:\\wamp64\\www\\Torremar\\app\\Controllers\\Reservas.php', 85)
 2 SYSTEMPATH\CodeIgniter.php(932): App\Controllers\Reservas->search()
 3 SYSTEMPATH\CodeIgniter.php(497): CodeIgniter\CodeIgniter->runController(Object(App\Controllers\Reservas))
 4 SYSTEMPATH\CodeIgniter.php(366): CodeIgniter\CodeIgniter->handleRequest(null, Object(Config\Cache), false)
 5 FCPATH\index.php(67): CodeIgniter\CodeIgniter->run()
CRITICAL - 2023-07-06 15:10:08 --> Undefined variable $d
in APPPATH\Controllers\Reservas.php on line 85.
 1 APPPATH\Controllers\Reservas.php(85): CodeIgniter\Debug\Exceptions->errorHandler(2, 'Undefined variable $d', 'C:\\wamp64\\www\\Torremar\\app\\Controllers\\Reservas.php', 85)
 2 SYSTEMPATH\CodeIgniter.php(932): App\Controllers\Reservas->search()
 3 SYSTEMPATH\CodeIgniter.php(497): CodeIgniter\CodeIgniter->runController(Object(App\Controllers\Reservas))
 4 SYSTEMPATH\CodeIgniter.php(366): CodeIgniter\CodeIgniter->handleRequest(null, Object(Config\Cache), false)
 5 FCPATH\index.php(67): CodeIgniter\CodeIgniter->run()
CRITICAL - 2023-07-06 15:10:14 --> Undefined variable $d
in APPPATH\Controllers\Reservas.php on line 85.
 1 APPPATH\Controllers\Reservas.php(85): CodeIgniter\Debug\Exceptions->errorHandler(2, 'Undefined variable $d', 'C:\\wamp64\\www\\Torremar\\app\\Controllers\\Reservas.php', 85)
 2 SYSTEMPATH\CodeIgniter.php(932): App\Controllers\Reservas->search()
 3 SYSTEMPATH\CodeIgniter.php(497): CodeIgniter\CodeIgniter->runController(Object(App\Controllers\Reservas))
 4 SYSTEMPATH\CodeIgniter.php(366): CodeIgniter\CodeIgniter->handleRequest(null, Object(Config\Cache), false)
 5 FCPATH\index.php(67): CodeIgniter\CodeIgniter->run()
CRITICAL - 2023-07-06 15:23:01 --> Attempt to read property "room_image" on array
in APPPATH\Views\search.php on line 17.
 1 APPPATH\Views\search.php(17): CodeIgniter\Debug\Exceptions->errorHandler(2, 'Attempt to read property "room_image" on array', 'C:\\wamp64\\www\\Torremar\\app\\Views\\search.php', 17)
 2 SYSTEMPATH\View\View.php(224): include('C:\\wamp64\\www\\Torremar\\app\\Views\\search.php')
 3 SYSTEMPATH\View\View.php(227): CodeIgniter\View\View->CodeIgniter\View\{closure}()
 4 SYSTEMPATH\Common.php(1180): CodeIgniter\View\View->render('search', [], true)
 5 APPPATH\Controllers\Reservas.php(106): view('search', [...])
 6 SYSTEMPATH\CodeIgniter.php(932): App\Controllers\Reservas->search()
 7 SYSTEMPATH\CodeIgniter.php(497): CodeIgniter\CodeIgniter->runController(Object(App\Controllers\Reservas))
 8 SYSTEMPATH\CodeIgniter.php(366): CodeIgniter\CodeIgniter->handleRequest(null, Object(Config\Cache), false)
 9 FCPATH\index.php(67): CodeIgniter\CodeIgniter->run()
