CRITICAL - 2023-07-01 17:29:49 --> Invalid file: "login.php"
in SYSTEMPATH\Exceptions\FrameworkException.php on line 33.
 1 SYSTEMPATH\View\View.php(212): CodeIgniter\Exceptions\FrameworkException::forInvalidFile('login.php')
 2 SYSTEMPATH\Common.php(1180): CodeIgniter\View\View->render('login', [], true)
 3 APPPATH\Controllers\Reservas.php(29): view('login', [...])
 4 SYSTEMPATH\CodeIgniter.php(932): App\Controllers\Reservas->login()
 5 SYSTEMPATH\CodeIgniter.php(497): CodeIgniter\CodeIgniter->runController(Object(App\Controllers\Reservas))
 6 SYSTEMPATH\CodeIgniter.php(366): CodeIgniter\CodeIgniter->handleRequest(null, Object(Config\Cache), false)
 7 FCPATH\index.php(67): CodeIgniter\CodeIgniter->run()
CRITICAL - 2023-07-01 18:08:41 --> Unmatched '}'
in APPPATH\Controllers\Reservas.php on line 61.
 1 SYSTEMPATH\Autoloader\Autoloader.php(289): CodeIgniter\Autoloader\Autoloader->includeFile('C:\\wamp64\\www\\Torremar\\app\\Controllers\\Reservas.php')
 2 SYSTEMPATH\Autoloader\Autoloader.php(267): CodeIgniter\Autoloader\Autoloader->loadInNamespace('App\\Controllers\\Reservas')
 3 [internal function]: CodeIgniter\Autoloader\Autoloader->loadClass('App\\Controllers\\Reservas')
 4 SYSTEMPATH\CodeIgniter.php(890): class_exists('\\App\\Controllers\\Reservas', true)
 5 SYSTEMPATH\CodeIgniter.php(484): CodeIgniter\CodeIgniter->startController()
 6 SYSTEMPATH\CodeIgniter.php(366): CodeIgniter\CodeIgniter->handleRequest(null, Object(Config\Cache), false)
 7 FCPATH\index.php(67): CodeIgniter\CodeIgniter->run()
CRITICAL - 2023-07-01 18:13:35 --> Undefined array key "name"
in APPPATH\Controllers\Reservas.php on line 41.
 1 APPPATH\Controllers\Reservas.php(41): CodeIgniter\Debug\Exceptions->errorHandler(2, 'Undefined array key "name"', 'C:\\wamp64\\www\\Torremar\\app\\Controllers\\Reservas.php', 41)
 2 SYSTEMPATH\CodeIgniter.php(932): App\Controllers\Reservas->access()
 3 SYSTEMPATH\CodeIgniter.php(497): CodeIgniter\CodeIgniter->runController(Object(App\Controllers\Reservas))
 4 SYSTEMPATH\CodeIgniter.php(366): CodeIgniter\CodeIgniter->handleRequest(null, Object(Config\Cache), false)
 5 FCPATH\index.php(67): CodeIgniter\CodeIgniter->run()
ERROR - 2023-07-01 20:07:19 --> mysqli_sql_exception: Unknown column 'tor_user.deleted_at' in 'where clause' in C:\wamp64\www\Torremar\system\Database\MySQLi\Connection.php:295
Stack trace:
#0 C:\wamp64\www\Torremar\system\Database\MySQLi\Connection.php(295): mysqli->query('SELECT *\nFROM `...', 0)
#1 C:\wamp64\www\Torremar\system\Database\BaseConnection.php(692): CodeIgniter\Database\MySQLi\Connection->execute('SELECT *\nFROM `...')
#2 C:\wamp64\www\Torremar\system\Database\BaseConnection.php(606): CodeIgniter\Database\BaseConnection->simpleQuery('SELECT *\nFROM `...')
#3 C:\wamp64\www\Torremar\system\Database\BaseBuilder.php(1616): CodeIgniter\Database\BaseConnection->query('SELECT *\nFROM `...', Array, false)
#4 C:\wamp64\www\Torremar\system\Model.php(268): CodeIgniter\Database\BaseBuilder->get()
#5 C:\wamp64\www\Torremar\system\BaseModel.php(656): CodeIgniter\Model->doFirst()
#6 C:\wamp64\www\Torremar\app\Controllers\Reservas.php(52): CodeIgniter\BaseModel->first()
#7 C:\wamp64\www\Torremar\system\CodeIgniter.php(932): App\Controllers\Reservas->access()
#8 C:\wamp64\www\Torremar\system\CodeIgniter.php(497): CodeIgniter\CodeIgniter->runController(Object(App\Controllers\Reservas))
#9 C:\wamp64\www\Torremar\system\CodeIgniter.php(366): CodeIgniter\CodeIgniter->handleRequest(NULL, Object(Config\Cache), false)
#10 C:\wamp64\www\Torremar\public\index.php(67): CodeIgniter\CodeIgniter->run()
#11 {main}
CRITICAL - 2023-07-01 20:07:19 --> Unknown column 'tor_user.deleted_at' in 'where clause'
in SYSTEMPATH\Database\MySQLi\Connection.php on line 295.
 1 SYSTEMPATH\Database\MySQLi\Connection.php(295): mysqli->query('SELECT *
FROM `tor_user`
WHERE `user_username` = \'juan\'
AND `tor_user`.`deleted_at` IS NULL
 LIMIT 1', 0)
 2 SYSTEMPATH\Database\BaseConnection.php(692): CodeIgniter\Database\MySQLi\Connection->execute('SELECT *
FROM `tor_user`
WHERE `user_username` = \'juan\'
AND `tor_user`.`deleted_at` IS NULL
 LIMIT 1')
 3 SYSTEMPATH\Database\BaseConnection.php(606): CodeIgniter\Database\BaseConnection->simpleQuery('SELECT *
FROM `tor_user`
WHERE `user_username` = \'juan\'
AND `tor_user`.`deleted_at` IS NULL
 LIMIT 1')
 4 SYSTEMPATH\Database\BaseBuilder.php(1616): CodeIgniter\Database\BaseConnection->query('SELECT *
FROM `tor_user`
WHERE `user_username` = :user_username:
AND `tor_user`.`deleted_at` IS NULL
 LIMIT 1', [...], false)
 5 SYSTEMPATH\Model.php(268): CodeIgniter\Database\BaseBuilder->get()
 6 SYSTEMPATH\BaseModel.php(656): CodeIgniter\Model->doFirst()
 7 APPPATH\Controllers\Reservas.php(52): CodeIgniter\BaseModel->first()
 8 SYSTEMPATH\CodeIgniter.php(932): App\Controllers\Reservas->access()
 9 SYSTEMPATH\CodeIgniter.php(497): CodeIgniter\CodeIgniter->runController(Object(App\Controllers\Reservas))
10 SYSTEMPATH\CodeIgniter.php(366): CodeIgniter\CodeIgniter->handleRequest(null, Object(Config\Cache), false)
11 FCPATH\index.php(67): CodeIgniter\CodeIgniter->run()
CRITICAL - 2023-07-01 20:08:27 --> CodeIgniter\HTTP\Response::redirect(): Argument #2 ($method) must be of type string, array given, called in C:\wamp64\www\Torremar\app\Controllers\Reservas.php on line 54
in SYSTEMPATH\HTTP\ResponseTrait.php on line 504.
 1 APPPATH\Controllers\Reservas.php(54): CodeIgniter\HTTP\Response->redirect('http://localhost/torremar/public/index.php/dashboard', [...])
 2 SYSTEMPATH\CodeIgniter.php(932): App\Controllers\Reservas->access()
 3 SYSTEMPATH\CodeIgniter.php(497): CodeIgniter\CodeIgniter->runController(Object(App\Controllers\Reservas))
 4 SYSTEMPATH\CodeIgniter.php(366): CodeIgniter\CodeIgniter->handleRequest(null, Object(Config\Cache), false)
 5 FCPATH\index.php(67): CodeIgniter\CodeIgniter->run()
CRITICAL - 2023-07-01 20:16:54 --> Undefined variable $session
in APPPATH\Controllers\Reservas.php on line 56.
 1 APPPATH\Controllers\Reservas.php(56): CodeIgniter\Debug\Exceptions->errorHandler(2, 'Undefined variable $session', 'C:\\wamp64\\www\\Torremar\\app\\Controllers\\Reservas.php', 56)
 2 SYSTEMPATH\CodeIgniter.php(932): App\Controllers\Reservas->access()
 3 SYSTEMPATH\CodeIgniter.php(497): CodeIgniter\CodeIgniter->runController(Object(App\Controllers\Reservas))
 4 SYSTEMPATH\CodeIgniter.php(366): CodeIgniter\CodeIgniter->handleRequest(null, Object(Config\Cache), false)
 5 FCPATH\index.php(67): CodeIgniter\CodeIgniter->run()
CRITICAL - 2023-07-01 20:18:06 --> Attempt to read property "user_password" on array
in APPPATH\Controllers\Reservas.php on line 47.
 1 APPPATH\Controllers\Reservas.php(47): CodeIgniter\Debug\Exceptions->errorHandler(2, 'Attempt to read property "user_password" on array', 'C:\\wamp64\\www\\Torremar\\app\\Controllers\\Reservas.php', 47)
 2 SYSTEMPATH\CodeIgniter.php(932): App\Controllers\Reservas->access()
 3 SYSTEMPATH\CodeIgniter.php(497): CodeIgniter\CodeIgniter->runController(Object(App\Controllers\Reservas))
 4 SYSTEMPATH\CodeIgniter.php(366): CodeIgniter\CodeIgniter->handleRequest(null, Object(Config\Cache), false)
 5 FCPATH\index.php(67): CodeIgniter\CodeIgniter->run()
CRITICAL - 2023-07-01 20:19:10 --> Array to string conversion
in APPPATH\Views\template\header.php on line 35.
 1 APPPATH\Views\template\header.php(35): CodeIgniter\Debug\Exceptions->errorHandler(2, 'Array to string conversion', 'C:\\wamp64\\www\\Torremar\\app\\Views\\template\\header.php', 35)
 2 SYSTEMPATH\View\View.php(224): include('C:\\wamp64\\www\\Torremar\\app\\Views\\template\\header.php')
 3 SYSTEMPATH\View\View.php(227): CodeIgniter\View\View->CodeIgniter\View\{closure}()
 4 SYSTEMPATH\Common.php(1180): CodeIgniter\View\View->render('template/header', [], true)
 5 APPPATH\Controllers\Reservas.php(28): view('template/header')
 6 SYSTEMPATH\CodeIgniter.php(932): App\Controllers\Reservas->login()
 7 SYSTEMPATH\CodeIgniter.php(497): CodeIgniter\CodeIgniter->runController(Object(App\Controllers\Reservas))
 8 SYSTEMPATH\CodeIgniter.php(366): CodeIgniter\CodeIgniter->handleRequest(null, Object(Config\Cache), false)
 9 FCPATH\index.php(67): CodeIgniter\CodeIgniter->run()
CRITICAL - 2023-07-01 20:20:53 --> CodeIgniter\HTTP\Response::redirect(): Argument #2 ($method) must be of type string, array given, called in C:\wamp64\www\Torremar\app\Controllers\Reservas.php on line 48
in SYSTEMPATH\HTTP\ResponseTrait.php on line 504.
 1 APPPATH\Controllers\Reservas.php(48): CodeIgniter\HTTP\Response->redirect('http://localhost/torremar/public/index.php/dashboard', [...])
 2 SYSTEMPATH\CodeIgniter.php(932): App\Controllers\Reservas->access()
 3 SYSTEMPATH\CodeIgniter.php(497): CodeIgniter\CodeIgniter->runController(Object(App\Controllers\Reservas))
 4 SYSTEMPATH\CodeIgniter.php(366): CodeIgniter\CodeIgniter->handleRequest(null, Object(Config\Cache), false)
 5 FCPATH\index.php(67): CodeIgniter\CodeIgniter->run()
CRITICAL - 2023-07-01 22:32:02 --> site_url(): Argument #2 ($scheme) must be of type ?string, array given, called in C:\wamp64\www\Torremar\app\Controllers\Reservas.php on line 48
in SYSTEMPATH\Helpers\url_helper.php on line 116.
 1 APPPATH\Controllers\Reservas.php(48): site_url('dashboard', [...])
 2 SYSTEMPATH\CodeIgniter.php(932): App\Controllers\Reservas->access()
 3 SYSTEMPATH\CodeIgniter.php(497): CodeIgniter\CodeIgniter->runController(Object(App\Controllers\Reservas))
 4 SYSTEMPATH\CodeIgniter.php(366): CodeIgniter\CodeIgniter->handleRequest(null, Object(Config\Cache), false)
 5 FCPATH\index.php(67): CodeIgniter\CodeIgniter->run()
