CRITICAL - 2023-07-03 04:33:48 --> Too few arguments to function old(), 0 passed in C:\wamp64\www\Torremar\app\Views\user\createRoom.php on line 9 and at least 1 expected
in SYSTEMPATH\Common.php on line 840.
 1 APPPATH\Views\user\createRoom.php(9): old()
 2 SYSTEMPATH\View\View.php(224): include('C:\\wamp64\\www\\Torremar\\app\\Views\\user\\createRoom.php')
 3 SYSTEMPATH\View\View.php(227): CodeIgniter\View\View->CodeIgniter\View\{closure}()
 4 SYSTEMPATH\Common.php(1180): CodeIgniter\View\View->render('user/createRoom', [], true)
 5 APPPATH\Controllers\Users.php(37): view('user/createRoom', [...])
 6 SYSTEMPATH\CodeIgniter.php(932): App\Controllers\Users->createRoom()
 7 SYSTEMPATH\CodeIgniter.php(497): CodeIgniter\CodeIgniter->runController(Object(App\Controllers\Users))
 8 SYSTEMPATH\CodeIgniter.php(366): CodeIgniter\CodeIgniter->handleRequest(null, Object(Config\Cache), false)
 9 FCPATH\index.php(67): CodeIgniter\CodeIgniter->run()
CRITICAL - 2023-07-03 04:43:31 --> Undefined variable $imagen
in APPPATH\Controllers\Users.php on line 62.
 1 APPPATH\Controllers\Users.php(62): CodeIgniter\Debug\Exceptions->errorHandler(2, 'Undefined variable $imagen', 'C:\\wamp64\\www\\Torremar\\app\\Controllers\\Users.php', 62)
 2 SYSTEMPATH\CodeIgniter.php(932): App\Controllers\Users->saveRoom()
 3 SYSTEMPATH\CodeIgniter.php(497): CodeIgniter\CodeIgniter->runController(Object(App\Controllers\Users))
 4 SYSTEMPATH\CodeIgniter.php(366): CodeIgniter\CodeIgniter->handleRequest(null, Object(Config\Cache), false)
 5 FCPATH\index.php(67): CodeIgniter\CodeIgniter->run()
CRITICAL - 2023-07-03 04:45:03 --> Undefined array key "imagen"
in APPPATH\Views\user\roomsManage.php on line 25.
 1 APPPATH\Views\user\roomsManage.php(25): CodeIgniter\Debug\Exceptions->errorHandler(2, 'Undefined array key "imagen"', 'C:\\wamp64\\www\\Torremar\\app\\Views\\user\\roomsManage.php', 25)
 2 SYSTEMPATH\View\View.php(224): include('C:\\wamp64\\www\\Torremar\\app\\Views\\user\\roomsManage.php')
 3 SYSTEMPATH\View\View.php(227): CodeIgniter\View\View->CodeIgniter\View\{closure}()
 4 SYSTEMPATH\Common.php(1180): CodeIgniter\View\View->render('user/roomsManage', [], true)
 5 APPPATH\Controllers\Users.php(28): view('user/roomsManage', [...])
 6 SYSTEMPATH\CodeIgniter.php(932): App\Controllers\Users->roomsManage()
 7 SYSTEMPATH\CodeIgniter.php(497): CodeIgniter\CodeIgniter->runController(Object(App\Controllers\Users))
 8 SYSTEMPATH\CodeIgniter.php(366): CodeIgniter\CodeIgniter->handleRequest(null, Object(Config\Cache), false)
 9 FCPATH\index.php(67): CodeIgniter\CodeIgniter->run()
CRITICAL - 2023-07-03 04:45:53 --> Undefined variable $book
in APPPATH\Views\user\roomsManage.php on line 31.
 1 APPPATH\Views\user\roomsManage.php(31): CodeIgniter\Debug\Exceptions->errorHandler(2, 'Undefined variable $book', 'C:\\wamp64\\www\\Torremar\\app\\Views\\user\\roomsManage.php', 31)
 2 SYSTEMPATH\View\View.php(224): include('C:\\wamp64\\www\\Torremar\\app\\Views\\user\\roomsManage.php')
 3 SYSTEMPATH\View\View.php(227): CodeIgniter\View\View->CodeIgniter\View\{closure}()
 4 SYSTEMPATH\Common.php(1180): CodeIgniter\View\View->render('user/roomsManage', [], true)
 5 APPPATH\Controllers\Users.php(28): view('user/roomsManage', [...])
 6 SYSTEMPATH\CodeIgniter.php(932): App\Controllers\Users->roomsManage()
 7 SYSTEMPATH\CodeIgniter.php(497): CodeIgniter\CodeIgniter->runController(Object(App\Controllers\Users))
 8 SYSTEMPATH\CodeIgniter.php(366): CodeIgniter\CodeIgniter->handleRequest(null, Object(Config\Cache), false)
 9 FCPATH\index.php(67): CodeIgniter\CodeIgniter->run()
CRITICAL - 2023-07-03 04:53:30 --> Undefined variable $user
in APPPATH\Controllers\Users.php on line 78.
 1 APPPATH\Controllers\Users.php(78): CodeIgniter\Debug\Exceptions->errorHandler(2, 'Undefined variable $user', 'C:\\wamp64\\www\\Torremar\\app\\Controllers\\Users.php', 78)
 2 SYSTEMPATH\CodeIgniter.php(932): App\Controllers\Users->logout()
 3 SYSTEMPATH\CodeIgniter.php(497): CodeIgniter\CodeIgniter->runController(Object(App\Controllers\Users))
 4 SYSTEMPATH\CodeIgniter.php(366): CodeIgniter\CodeIgniter->handleRequest(null, Object(Config\Cache), false)
 5 FCPATH\index.php(67): CodeIgniter\CodeIgniter->run()
CRITICAL - 2023-07-03 04:54:21 --> Undefined variable $data
in APPPATH\Controllers\Users.php on line 80.
 1 APPPATH\Controllers\Users.php(80): CodeIgniter\Debug\Exceptions->errorHandler(2, 'Undefined variable $data', 'C:\\wamp64\\www\\Torremar\\app\\Controllers\\Users.php', 80)
 2 SYSTEMPATH\CodeIgniter.php(932): App\Controllers\Users->logout()
 3 SYSTEMPATH\CodeIgniter.php(497): CodeIgniter\CodeIgniter->runController(Object(App\Controllers\Users))
 4 SYSTEMPATH\CodeIgniter.php(366): CodeIgniter\CodeIgniter->handleRequest(null, Object(Config\Cache), false)
 5 FCPATH\index.php(67): CodeIgniter\CodeIgniter->run()
CRITICAL - 2023-07-03 04:56:08 --> Trying to access array offset on value of type null
in APPPATH\Controllers\Users.php on line 78.
 1 APPPATH\Controllers\Users.php(78): CodeIgniter\Debug\Exceptions->errorHandler(2, 'Trying to access array offset on value of type null', 'C:\\wamp64\\www\\Torremar\\app\\Controllers\\Users.php', 78)
 2 SYSTEMPATH\CodeIgniter.php(932): App\Controllers\Users->logout()
 3 SYSTEMPATH\CodeIgniter.php(497): CodeIgniter\CodeIgniter->runController(Object(App\Controllers\Users))
 4 SYSTEMPATH\CodeIgniter.php(366): CodeIgniter\CodeIgniter->handleRequest(null, Object(Config\Cache), false)
 5 FCPATH\index.php(67): CodeIgniter\CodeIgniter->run()
CRITICAL - 2023-07-03 04:56:11 --> Trying to access array offset on value of type null
in APPPATH\Controllers\Users.php on line 78.
 1 APPPATH\Controllers\Users.php(78): CodeIgniter\Debug\Exceptions->errorHandler(2, 'Trying to access array offset on value of type null', 'C:\\wamp64\\www\\Torremar\\app\\Controllers\\Users.php', 78)
 2 SYSTEMPATH\CodeIgniter.php(932): App\Controllers\Users->logout()
 3 SYSTEMPATH\CodeIgniter.php(497): CodeIgniter\CodeIgniter->runController(Object(App\Controllers\Users))
 4 SYSTEMPATH\CodeIgniter.php(366): CodeIgniter\CodeIgniter->handleRequest(null, Object(Config\Cache), false)
 5 FCPATH\index.php(67): CodeIgniter\CodeIgniter->run()
