CRITICAL - 2023-07-07 00:25:28 --> Trying to access array offset on value of type null
in APPPATH\Controllers\Users.php on line 78.
 1 APPPATH\Controllers\Users.php(78): CodeIgniter\Debug\Exceptions->errorHandler(2, 'Trying to access array offset on value of type null', 'C:\\wamp64\\www\\Torremar\\app\\Controllers\\Users.php', 78)
 2 SYSTEMPATH\CodeIgniter.php(932): App\Controllers\Users->logout()
 3 SYSTEMPATH\CodeIgniter.php(497): CodeIgniter\CodeIgniter->runController(Object(App\Controllers\Users))
 4 SYSTEMPATH\CodeIgniter.php(366): CodeIgniter\CodeIgniter->handleRequest(null, Object(Config\Cache), false)
 5 FCPATH\index.php(67): CodeIgniter\CodeIgniter->run()
CRITICAL - 2023-07-07 03:22:17 --> Undefined property: stdClass::$adult_cpty
in APPPATH\Views\search.php on line 55.
 1 APPPATH\Views\search.php(55): CodeIgniter\Debug\Exceptions->errorHandler(2, 'Undefined property: stdClass::$adult_cpty', 'C:\\wamp64\\www\\Torremar\\app\\Views\\search.php', 55)
 2 SYSTEMPATH\View\View.php(224): include('C:\\wamp64\\www\\Torremar\\app\\Views\\search.php')
 3 SYSTEMPATH\View\View.php(227): CodeIgniter\View\View->CodeIgniter\View\{closure}()
 4 SYSTEMPATH\Common.php(1180): CodeIgniter\View\View->render('search', [], true)
 5 APPPATH\Controllers\Reservas.php(98): view('search', [...])
 6 SYSTEMPATH\CodeIgniter.php(932): App\Controllers\Reservas->search()
 7 SYSTEMPATH\CodeIgniter.php(497): CodeIgniter\CodeIgniter->runController(Object(App\Controllers\Reservas))
 8 SYSTEMPATH\CodeIgniter.php(366): CodeIgniter\CodeIgniter->handleRequest(null, Object(Config\Cache), false)
 9 FCPATH\index.php(67): CodeIgniter\CodeIgniter->run()
CRITICAL - 2023-07-07 04:04:30 --> Undefined variable $query
in APPPATH\Controllers\Reservas.php on line 122.
 1 APPPATH\Controllers\Reservas.php(122): CodeIgniter\Debug\Exceptions->errorHandler(2, 'Undefined variable $query', 'C:\\wamp64\\www\\Torremar\\app\\Controllers\\Reservas.php', 122)
 2 SYSTEMPATH\CodeIgniter.php(932): App\Controllers\Reservas->roomVal()
 3 SYSTEMPATH\CodeIgniter.php(497): CodeIgniter\CodeIgniter->runController(Object(App\Controllers\Reservas))
 4 SYSTEMPATH\CodeIgniter.php(366): CodeIgniter\CodeIgniter->handleRequest(null, Object(Config\Cache), false)
 5 FCPATH\index.php(67): CodeIgniter\CodeIgniter->run()
CRITICAL - 2023-07-07 04:06:06 --> Undefined variable $query
in APPPATH\Controllers\Reservas.php on line 123.
 1 APPPATH\Controllers\Reservas.php(123): CodeIgniter\Debug\Exceptions->errorHandler(2, 'Undefined variable $query', 'C:\\wamp64\\www\\Torremar\\app\\Controllers\\Reservas.php', 123)
 2 SYSTEMPATH\CodeIgniter.php(932): App\Controllers\Reservas->roomVal()
 3 SYSTEMPATH\CodeIgniter.php(497): CodeIgniter\CodeIgniter->runController(Object(App\Controllers\Reservas))
 4 SYSTEMPATH\CodeIgniter.php(366): CodeIgniter\CodeIgniter->handleRequest(null, Object(Config\Cache), false)
 5 FCPATH\index.php(67): CodeIgniter\CodeIgniter->run()
CRITICAL - 2023-07-07 04:06:52 --> Undefined variable $query
in APPPATH\Controllers\Reservas.php on line 123.
 1 APPPATH\Controllers\Reservas.php(123): CodeIgniter\Debug\Exceptions->errorHandler(2, 'Undefined variable $query', 'C:\\wamp64\\www\\Torremar\\app\\Controllers\\Reservas.php', 123)
 2 SYSTEMPATH\CodeIgniter.php(932): App\Controllers\Reservas->roomVal()
 3 SYSTEMPATH\CodeIgniter.php(497): CodeIgniter\CodeIgniter->runController(Object(App\Controllers\Reservas))
 4 SYSTEMPATH\CodeIgniter.php(366): CodeIgniter\CodeIgniter->handleRequest(null, Object(Config\Cache), false)
 5 FCPATH\index.php(67): CodeIgniter\CodeIgniter->run()
CRITICAL - 2023-07-07 05:08:36 --> Undefined array key ""
in APPPATH\Controllers\Reservas.php on line 134.
 1 APPPATH\Controllers\Reservas.php(134): CodeIgniter\Debug\Exceptions->errorHandler(2, 'Undefined array key ""', 'C:\\wamp64\\www\\Torremar\\app\\Controllers\\Reservas.php', 134)
 2 SYSTEMPATH\CodeIgniter.php(932): App\Controllers\Reservas->saveReserve()
 3 SYSTEMPATH\CodeIgniter.php(497): CodeIgniter\CodeIgniter->runController(Object(App\Controllers\Reservas))
 4 SYSTEMPATH\CodeIgniter.php(366): CodeIgniter\CodeIgniter->handleRequest(null, Object(Config\Cache), false)
 5 FCPATH\index.php(67): CodeIgniter\CodeIgniter->run()
CRITICAL - 2023-07-07 05:21:49 --> Undefined array key "res_entry"
in APPPATH\Controllers\Reservas.php on line 64.
 1 APPPATH\Controllers\Reservas.php(64): CodeIgniter\Debug\Exceptions->errorHandler(2, 'Undefined array key "res_entry"', 'C:\\wamp64\\www\\Torremar\\app\\Controllers\\Reservas.php', 64)
 2 SYSTEMPATH\CodeIgniter.php(932): App\Controllers\Reservas->search()
 3 SYSTEMPATH\CodeIgniter.php(497): CodeIgniter\CodeIgniter->runController(Object(App\Controllers\Reservas))
 4 SYSTEMPATH\CodeIgniter.php(366): CodeIgniter\CodeIgniter->handleRequest(null, Object(Config\Cache), false)
 5 FCPATH\index.php(67): CodeIgniter\CodeIgniter->run()
CRITICAL - 2023-07-07 06:10:08 --> Undefined array key "room_id"
in APPPATH\Controllers\Reservas.php on line 134.
 1 APPPATH\Controllers\Reservas.php(134): CodeIgniter\Debug\Exceptions->errorHandler(2, 'Undefined array key "room_id"', 'C:\\wamp64\\www\\Torremar\\app\\Controllers\\Reservas.php', 134)
 2 SYSTEMPATH\CodeIgniter.php(932): App\Controllers\Reservas->saveReserve()
 3 SYSTEMPATH\CodeIgniter.php(497): CodeIgniter\CodeIgniter->runController(Object(App\Controllers\Reservas))
 4 SYSTEMPATH\CodeIgniter.php(366): CodeIgniter\CodeIgniter->handleRequest(null, Object(Config\Cache), false)
 5 FCPATH\index.php(67): CodeIgniter\CodeIgniter->run()
CRITICAL - 2023-07-07 06:29:40 --> Unsupported operand types: string + string
in APPPATH\Controllers\Reservas.php on line 139.
 1 SYSTEMPATH\CodeIgniter.php(932): App\Controllers\Reservas->saveReserve()
 2 SYSTEMPATH\CodeIgniter.php(497): CodeIgniter\CodeIgniter->runController(Object(App\Controllers\Reservas))
 3 SYSTEMPATH\CodeIgniter.php(366): CodeIgniter\CodeIgniter->handleRequest(null, Object(Config\Cache), false)
 4 FCPATH\index.php(67): CodeIgniter\CodeIgniter->run()
CRITICAL - 2023-07-07 06:30:39 --> Unsupported operand types: string + string
in APPPATH\Controllers\Reservas.php on line 139.
 1 SYSTEMPATH\CodeIgniter.php(932): App\Controllers\Reservas->saveReserve()
 2 SYSTEMPATH\CodeIgniter.php(497): CodeIgniter\CodeIgniter->runController(Object(App\Controllers\Reservas))
 3 SYSTEMPATH\CodeIgniter.php(366): CodeIgniter\CodeIgniter->handleRequest(null, Object(Config\Cache), false)
 4 FCPATH\index.php(67): CodeIgniter\CodeIgniter->run()
CRITICAL - 2023-07-07 06:31:02 --> Unsupported operand types: string + string
in APPPATH\Controllers\Reservas.php on line 139.
 1 SYSTEMPATH\CodeIgniter.php(932): App\Controllers\Reservas->saveReserve()
 2 SYSTEMPATH\CodeIgniter.php(497): CodeIgniter\CodeIgniter->runController(Object(App\Controllers\Reservas))
 3 SYSTEMPATH\CodeIgniter.php(366): CodeIgniter\CodeIgniter->handleRequest(null, Object(Config\Cache), false)
 4 FCPATH\index.php(67): CodeIgniter\CodeIgniter->run()
CRITICAL - 2023-07-07 06:31:20 --> Unsupported operand types: string + string
in APPPATH\Controllers\Reservas.php on line 139.
 1 SYSTEMPATH\CodeIgniter.php(932): App\Controllers\Reservas->saveReserve()
 2 SYSTEMPATH\CodeIgniter.php(497): CodeIgniter\CodeIgniter->runController(Object(App\Controllers\Reservas))
 3 SYSTEMPATH\CodeIgniter.php(366): CodeIgniter\CodeIgniter->handleRequest(null, Object(Config\Cache), false)
 4 FCPATH\index.php(67): CodeIgniter\CodeIgniter->run()
CRITICAL - 2023-07-07 06:31:43 --> Unsupported operand types: string + string
in APPPATH\Controllers\Reservas.php on line 140.
 1 SYSTEMPATH\CodeIgniter.php(932): App\Controllers\Reservas->saveReserve()
 2 SYSTEMPATH\CodeIgniter.php(497): CodeIgniter\CodeIgniter->runController(Object(App\Controllers\Reservas))
 3 SYSTEMPATH\CodeIgniter.php(366): CodeIgniter\CodeIgniter->handleRequest(null, Object(Config\Cache), false)
 4 FCPATH\index.php(67): CodeIgniter\CodeIgniter->run()
CRITICAL - 2023-07-07 06:32:08 --> Unsupported operand types: string + string
in APPPATH\Controllers\Reservas.php on line 140.
 1 SYSTEMPATH\CodeIgniter.php(932): App\Controllers\Reservas->saveReserve()
 2 SYSTEMPATH\CodeIgniter.php(497): CodeIgniter\CodeIgniter->runController(Object(App\Controllers\Reservas))
 3 SYSTEMPATH\CodeIgniter.php(366): CodeIgniter\CodeIgniter->handleRequest(null, Object(Config\Cache), false)
 4 FCPATH\index.php(67): CodeIgniter\CodeIgniter->run()
CRITICAL - 2023-07-07 06:32:28 --> Unsupported operand types: string + string
in APPPATH\Controllers\Reservas.php on line 139.
 1 SYSTEMPATH\CodeIgniter.php(932): App\Controllers\Reservas->saveReserve()
 2 SYSTEMPATH\CodeIgniter.php(497): CodeIgniter\CodeIgniter->runController(Object(App\Controllers\Reservas))
 3 SYSTEMPATH\CodeIgniter.php(366): CodeIgniter\CodeIgniter->handleRequest(null, Object(Config\Cache), false)
 4 FCPATH\index.php(67): CodeIgniter\CodeIgniter->run()
CRITICAL - 2023-07-07 06:32:44 --> Unsupported operand types: string + string
in APPPATH\Controllers\Reservas.php on line 139.
 1 SYSTEMPATH\CodeIgniter.php(932): App\Controllers\Reservas->saveReserve()
 2 SYSTEMPATH\CodeIgniter.php(497): CodeIgniter\CodeIgniter->runController(Object(App\Controllers\Reservas))
 3 SYSTEMPATH\CodeIgniter.php(366): CodeIgniter\CodeIgniter->handleRequest(null, Object(Config\Cache), false)
 4 FCPATH\index.php(67): CodeIgniter\CodeIgniter->run()
CRITICAL - 2023-07-07 06:33:30 --> Unsupported operand types: string + string
in APPPATH\Controllers\Reservas.php on line 139.
 1 SYSTEMPATH\CodeIgniter.php(932): App\Controllers\Reservas->saveReserve()
 2 SYSTEMPATH\CodeIgniter.php(497): CodeIgniter\CodeIgniter->runController(Object(App\Controllers\Reservas))
 3 SYSTEMPATH\CodeIgniter.php(366): CodeIgniter\CodeIgniter->handleRequest(null, Object(Config\Cache), false)
 4 FCPATH\index.php(67): CodeIgniter\CodeIgniter->run()
CRITICAL - 2023-07-07 06:33:50 --> Unsupported operand types: string + string
in APPPATH\Controllers\Reservas.php on line 139.
 1 SYSTEMPATH\CodeIgniter.php(932): App\Controllers\Reservas->saveReserve()
 2 SYSTEMPATH\CodeIgniter.php(497): CodeIgniter\CodeIgniter->runController(Object(App\Controllers\Reservas))
 3 SYSTEMPATH\CodeIgniter.php(366): CodeIgniter\CodeIgniter->handleRequest(null, Object(Config\Cache), false)
 4 FCPATH\index.php(67): CodeIgniter\CodeIgniter->run()
CRITICAL - 2023-07-07 06:34:53 --> Unsupported operand types: string + string
in APPPATH\Controllers\Reservas.php on line 139.
 1 SYSTEMPATH\CodeIgniter.php(932): App\Controllers\Reservas->saveReserve()
 2 SYSTEMPATH\CodeIgniter.php(497): CodeIgniter\CodeIgniter->runController(Object(App\Controllers\Reservas))
 3 SYSTEMPATH\CodeIgniter.php(366): CodeIgniter\CodeIgniter->handleRequest(null, Object(Config\Cache), false)
 4 FCPATH\index.php(67): CodeIgniter\CodeIgniter->run()
CRITICAL - 2023-07-07 06:36:00 --> Unsupported operand types: string + string
in APPPATH\Controllers\Reservas.php on line 140.
 1 SYSTEMPATH\CodeIgniter.php(932): App\Controllers\Reservas->saveReserve()
 2 SYSTEMPATH\CodeIgniter.php(497): CodeIgniter\CodeIgniter->runController(Object(App\Controllers\Reservas))
 3 SYSTEMPATH\CodeIgniter.php(366): CodeIgniter\CodeIgniter->handleRequest(null, Object(Config\Cache), false)
 4 FCPATH\index.php(67): CodeIgniter\CodeIgniter->run()
CRITICAL - 2023-07-07 06:36:27 --> Unsupported operand types: string + string
in APPPATH\Controllers\Reservas.php on line 140.
 1 SYSTEMPATH\CodeIgniter.php(932): App\Controllers\Reservas->saveReserve()
 2 SYSTEMPATH\CodeIgniter.php(497): CodeIgniter\CodeIgniter->runController(Object(App\Controllers\Reservas))
 3 SYSTEMPATH\CodeIgniter.php(366): CodeIgniter\CodeIgniter->handleRequest(null, Object(Config\Cache), false)
 4 FCPATH\index.php(67): CodeIgniter\CodeIgniter->run()
CRITICAL - 2023-07-07 06:37:11 --> Unsupported operand types: string + string
in APPPATH\Controllers\Reservas.php on line 137.
 1 SYSTEMPATH\CodeIgniter.php(932): App\Controllers\Reservas->saveReserve()
 2 SYSTEMPATH\CodeIgniter.php(497): CodeIgniter\CodeIgniter->runController(Object(App\Controllers\Reservas))
 3 SYSTEMPATH\CodeIgniter.php(366): CodeIgniter\CodeIgniter->handleRequest(null, Object(Config\Cache), false)
 4 FCPATH\index.php(67): CodeIgniter\CodeIgniter->run()
CRITICAL - 2023-07-07 06:37:27 --> Unsupported operand types: string + string
in APPPATH\Controllers\Reservas.php on line 137.
 1 SYSTEMPATH\CodeIgniter.php(932): App\Controllers\Reservas->saveReserve()
 2 SYSTEMPATH\CodeIgniter.php(497): CodeIgniter\CodeIgniter->runController(Object(App\Controllers\Reservas))
 3 SYSTEMPATH\CodeIgniter.php(366): CodeIgniter\CodeIgniter->handleRequest(null, Object(Config\Cache), false)
 4 FCPATH\index.php(67): CodeIgniter\CodeIgniter->run()
CRITICAL - 2023-07-07 06:37:44 --> Unsupported operand types: string + string
in APPPATH\Controllers\Reservas.php on line 138.
 1 SYSTEMPATH\CodeIgniter.php(932): App\Controllers\Reservas->saveReserve()
 2 SYSTEMPATH\CodeIgniter.php(497): CodeIgniter\CodeIgniter->runController(Object(App\Controllers\Reservas))
 3 SYSTEMPATH\CodeIgniter.php(366): CodeIgniter\CodeIgniter->handleRequest(null, Object(Config\Cache), false)
 4 FCPATH\index.php(67): CodeIgniter\CodeIgniter->run()
CRITICAL - 2023-07-07 06:38:13 --> Unsupported operand types: string + string
in APPPATH\Controllers\Reservas.php on line 138.
 1 SYSTEMPATH\CodeIgniter.php(932): App\Controllers\Reservas->saveReserve()
 2 SYSTEMPATH\CodeIgniter.php(497): CodeIgniter\CodeIgniter->runController(Object(App\Controllers\Reservas))
 3 SYSTEMPATH\CodeIgniter.php(366): CodeIgniter\CodeIgniter->handleRequest(null, Object(Config\Cache), false)
 4 FCPATH\index.php(67): CodeIgniter\CodeIgniter->run()
CRITICAL - 2023-07-07 06:38:51 --> Unsupported operand types: string + string
in APPPATH\Controllers\Reservas.php on line 140.
 1 SYSTEMPATH\CodeIgniter.php(932): App\Controllers\Reservas->saveReserve()
 2 SYSTEMPATH\CodeIgniter.php(497): CodeIgniter\CodeIgniter->runController(Object(App\Controllers\Reservas))
 3 SYSTEMPATH\CodeIgniter.php(366): CodeIgniter\CodeIgniter->handleRequest(null, Object(Config\Cache), false)
 4 FCPATH\index.php(67): CodeIgniter\CodeIgniter->run()
CRITICAL - 2023-07-07 06:39:12 --> Unsupported operand types: string + string
in APPPATH\Controllers\Reservas.php on line 140.
 1 SYSTEMPATH\CodeIgniter.php(932): App\Controllers\Reservas->saveReserve()
 2 SYSTEMPATH\CodeIgniter.php(497): CodeIgniter\CodeIgniter->runController(Object(App\Controllers\Reservas))
 3 SYSTEMPATH\CodeIgniter.php(366): CodeIgniter\CodeIgniter->handleRequest(null, Object(Config\Cache), false)
 4 FCPATH\index.php(67): CodeIgniter\CodeIgniter->run()
CRITICAL - 2023-07-07 06:39:30 --> Unsupported operand types: string + string
in APPPATH\Controllers\Reservas.php on line 140.
 1 SYSTEMPATH\CodeIgniter.php(932): App\Controllers\Reservas->saveReserve()
 2 SYSTEMPATH\CodeIgniter.php(497): CodeIgniter\CodeIgniter->runController(Object(App\Controllers\Reservas))
 3 SYSTEMPATH\CodeIgniter.php(366): CodeIgniter\CodeIgniter->handleRequest(null, Object(Config\Cache), false)
 4 FCPATH\index.php(67): CodeIgniter\CodeIgniter->run()
CRITICAL - 2023-07-07 06:39:40 --> Unsupported operand types: string + string
in APPPATH\Controllers\Reservas.php on line 140.
 1 SYSTEMPATH\CodeIgniter.php(932): App\Controllers\Reservas->saveReserve()
 2 SYSTEMPATH\CodeIgniter.php(497): CodeIgniter\CodeIgniter->runController(Object(App\Controllers\Reservas))
 3 SYSTEMPATH\CodeIgniter.php(366): CodeIgniter\CodeIgniter->handleRequest(null, Object(Config\Cache), false)
 4 FCPATH\index.php(67): CodeIgniter\CodeIgniter->run()
CRITICAL - 2023-07-07 06:42:09 --> Undefined variable $name
in APPPATH\Controllers\Reservas.php on line 149.
 1 APPPATH\Controllers\Reservas.php(149): CodeIgniter\Debug\Exceptions->errorHandler(2, 'Undefined variable $name', 'C:\\wamp64\\www\\Torremar\\app\\Controllers\\Reservas.php', 149)
 2 SYSTEMPATH\CodeIgniter.php(932): App\Controllers\Reservas->saveReserve()
 3 SYSTEMPATH\CodeIgniter.php(497): CodeIgniter\CodeIgniter->runController(Object(App\Controllers\Reservas))
 4 SYSTEMPATH\CodeIgniter.php(366): CodeIgniter\CodeIgniter->handleRequest(null, Object(Config\Cache), false)
 5 FCPATH\index.php(67): CodeIgniter\CodeIgniter->run()
CRITICAL - 2023-07-07 06:42:18 --> Undefined variable $name
in APPPATH\Controllers\Reservas.php on line 149.
 1 APPPATH\Controllers\Reservas.php(149): CodeIgniter\Debug\Exceptions->errorHandler(2, 'Undefined variable $name', 'C:\\wamp64\\www\\Torremar\\app\\Controllers\\Reservas.php', 149)
 2 SYSTEMPATH\CodeIgniter.php(932): App\Controllers\Reservas->saveReserve()
 3 SYSTEMPATH\CodeIgniter.php(497): CodeIgniter\CodeIgniter->runController(Object(App\Controllers\Reservas))
 4 SYSTEMPATH\CodeIgniter.php(366): CodeIgniter\CodeIgniter->handleRequest(null, Object(Config\Cache), false)
 5 FCPATH\index.php(67): CodeIgniter\CodeIgniter->run()
CRITICAL - 2023-07-07 06:52:57 --> Undefined array key "res_exit"
in APPPATH\Controllers\Reservas.php on line 144.
 1 APPPATH\Controllers\Reservas.php(144): CodeIgniter\Debug\Exceptions->errorHandler(2, 'Undefined array key "res_exit"', 'C:\\wamp64\\www\\Torremar\\app\\Controllers\\Reservas.php', 144)
 2 SYSTEMPATH\CodeIgniter.php(932): App\Controllers\Reservas->saveReserve()
 3 SYSTEMPATH\CodeIgniter.php(497): CodeIgniter\CodeIgniter->runController(Object(App\Controllers\Reservas))
 4 SYSTEMPATH\CodeIgniter.php(366): CodeIgniter\CodeIgniter->handleRequest(null, Object(Config\Cache), false)
 5 FCPATH\index.php(67): CodeIgniter\CodeIgniter->run()
CRITICAL - 2023-07-07 06:53:54 --> Undefined array key "$entry"
in APPPATH\Controllers\Reservas.php on line 145.
 1 APPPATH\Controllers\Reservas.php(145): CodeIgniter\Debug\Exceptions->errorHandler(2, 'Undefined array key "$entry"', 'C:\\wamp64\\www\\Torremar\\app\\Controllers\\Reservas.php', 145)
 2 SYSTEMPATH\CodeIgniter.php(932): App\Controllers\Reservas->saveReserve()
 3 SYSTEMPATH\CodeIgniter.php(497): CodeIgniter\CodeIgniter->runController(Object(App\Controllers\Reservas))
 4 SYSTEMPATH\CodeIgniter.php(366): CodeIgniter\CodeIgniter->handleRequest(null, Object(Config\Cache), false)
 5 FCPATH\index.php(67): CodeIgniter\CodeIgniter->run()
CRITICAL - 2023-07-07 06:54:09 --> Call to undefined function App\Controllers\url_site()
in APPPATH\Controllers\Reservas.php on line 149.
 1 SYSTEMPATH\CodeIgniter.php(932): App\Controllers\Reservas->saveReserve()
 2 SYSTEMPATH\CodeIgniter.php(497): CodeIgniter\CodeIgniter->runController(Object(App\Controllers\Reservas))
 3 SYSTEMPATH\CodeIgniter.php(366): CodeIgniter\CodeIgniter->handleRequest(null, Object(Config\Cache), false)
 4 FCPATH\index.php(67): CodeIgniter\CodeIgniter->run()
CRITICAL - 2023-07-07 07:16:29 --> Call to undefined function usr_site()
in APPPATH\Views\user\roomsManage.php on line 29.
 1 SYSTEMPATH\View\View.php(224): include()
 2 SYSTEMPATH\View\View.php(227): CodeIgniter\View\View->CodeIgniter\View\{closure}()
 3 SYSTEMPATH\Common.php(1180): CodeIgniter\View\View->render('user/roomsManage', [], true)
 4 APPPATH\Controllers\Users.php(28): view('user/roomsManage', [...])
 5 SYSTEMPATH\CodeIgniter.php(932): App\Controllers\Users->roomsManage()
 6 SYSTEMPATH\CodeIgniter.php(497): CodeIgniter\CodeIgniter->runController(Object(App\Controllers\Users))
 7 SYSTEMPATH\CodeIgniter.php(366): CodeIgniter\CodeIgniter->handleRequest(null, Object(Config\Cache), false)
 8 FCPATH\index.php(67): CodeIgniter\CodeIgniter->run()
CRITICAL - 2023-07-07 07:16:34 --> Call to undefined function usr_site()
in APPPATH\Views\user\roomsManage.php on line 29.
 1 SYSTEMPATH\View\View.php(224): include()
 2 SYSTEMPATH\View\View.php(227): CodeIgniter\View\View->CodeIgniter\View\{closure}()
 3 SYSTEMPATH\Common.php(1180): CodeIgniter\View\View->render('user/roomsManage', [], true)
 4 APPPATH\Controllers\Users.php(28): view('user/roomsManage', [...])
 5 SYSTEMPATH\CodeIgniter.php(932): App\Controllers\Users->roomsManage()
 6 SYSTEMPATH\CodeIgniter.php(497): CodeIgniter\CodeIgniter->runController(Object(App\Controllers\Users))
 7 SYSTEMPATH\CodeIgniter.php(366): CodeIgniter\CodeIgniter->handleRequest(null, Object(Config\Cache), false)
 8 FCPATH\index.php(67): CodeIgniter\CodeIgniter->run()
ERROR - 2023-07-07 07:16:47 --> mysqli_sql_exception: Unknown column 'id' in 'where clause' in C:\wamp64\www\Torremar\system\Database\MySQLi\Connection.php:295
Stack trace:
#0 C:\wamp64\www\Torremar\system\Database\MySQLi\Connection.php(295): mysqli->query('SELECT *\nFROM `...', 0)
#1 C:\wamp64\www\Torremar\system\Database\BaseConnection.php(692): CodeIgniter\Database\MySQLi\Connection->execute('SELECT *\nFROM `...')
#2 C:\wamp64\www\Torremar\system\Database\BaseConnection.php(606): CodeIgniter\Database\BaseConnection->simpleQuery('SELECT *\nFROM `...')
#3 C:\wamp64\www\Torremar\system\Database\BaseBuilder.php(1616): CodeIgniter\Database\BaseConnection->query('SELECT *\nFROM `...', Array, false)
#4 C:\wamp64\www\Torremar\system\Model.php(268): CodeIgniter\Database\BaseBuilder->get()
#5 C:\wamp64\www\Torremar\system\BaseModel.php(656): CodeIgniter\Model->doFirst()
#6 C:\wamp64\www\Torremar\app\Controllers\Users.php(88): CodeIgniter\BaseModel->first()
#7 C:\wamp64\www\Torremar\system\CodeIgniter.php(932): App\Controllers\Users->deleteRoom('4')
#8 C:\wamp64\www\Torremar\system\CodeIgniter.php(497): CodeIgniter\CodeIgniter->runController(Object(App\Controllers\Users))
#9 C:\wamp64\www\Torremar\system\CodeIgniter.php(366): CodeIgniter\CodeIgniter->handleRequest(NULL, Object(Config\Cache), false)
#10 C:\wamp64\www\Torremar\public\index.php(67): CodeIgniter\CodeIgniter->run()
#11 {main}
CRITICAL - 2023-07-07 07:16:47 --> Unknown column 'id' in 'where clause'
in SYSTEMPATH\Database\MySQLi\Connection.php on line 295.
 1 SYSTEMPATH\Database\MySQLi\Connection.php(295): mysqli->query('SELECT *
FROM `tor_reserve`
WHERE `id` = \'1\'
 LIMIT 1', 0)
 2 SYSTEMPATH\Database\BaseConnection.php(692): CodeIgniter\Database\MySQLi\Connection->execute('SELECT *
FROM `tor_reserve`
WHERE `id` = \'1\'
 LIMIT 1')
 3 SYSTEMPATH\Database\BaseConnection.php(606): CodeIgniter\Database\BaseConnection->simpleQuery('SELECT *
FROM `tor_reserve`
WHERE `id` = \'1\'
 LIMIT 1')
 4 SYSTEMPATH\Database\BaseBuilder.php(1616): CodeIgniter\Database\BaseConnection->query('SELECT *
FROM `tor_reserve`
WHERE `id` = :id:
 LIMIT 1', [...], false)
 5 SYSTEMPATH\Model.php(268): CodeIgniter\Database\BaseBuilder->get()
 6 SYSTEMPATH\BaseModel.php(656): CodeIgniter\Model->doFirst()
 7 APPPATH\Controllers\Users.php(88): CodeIgniter\BaseModel->first()
 8 SYSTEMPATH\CodeIgniter.php(932): App\Controllers\Users->deleteRoom('4')
 9 SYSTEMPATH\CodeIgniter.php(497): CodeIgniter\CodeIgniter->runController(Object(App\Controllers\Users))
10 SYSTEMPATH\CodeIgniter.php(366): CodeIgniter\CodeIgniter->handleRequest(null, Object(Config\Cache), false)
11 FCPATH\index.php(67): CodeIgniter\CodeIgniter->run()
ERROR - 2023-07-07 07:20:29 --> mysqli_sql_exception: Unknown column 'id' in 'where clause' in C:\wamp64\www\Torremar\system\Database\MySQLi\Connection.php:295
Stack trace:
#0 C:\wamp64\www\Torremar\system\Database\MySQLi\Connection.php(295): mysqli->query('SELECT *\nFROM `...', 0)
#1 C:\wamp64\www\Torremar\system\Database\BaseConnection.php(692): CodeIgniter\Database\MySQLi\Connection->execute('SELECT *\nFROM `...')
#2 C:\wamp64\www\Torremar\system\Database\BaseConnection.php(606): CodeIgniter\Database\BaseConnection->simpleQuery('SELECT *\nFROM `...')
#3 C:\wamp64\www\Torremar\system\Database\BaseBuilder.php(1616): CodeIgniter\Database\BaseConnection->query('SELECT *\nFROM `...', Array, false)
#4 C:\wamp64\www\Torremar\system\Model.php(268): CodeIgniter\Database\BaseBuilder->get()
#5 C:\wamp64\www\Torremar\system\BaseModel.php(656): CodeIgniter\Model->doFirst()
#6 C:\wamp64\www\Torremar\app\Controllers\Users.php(87): CodeIgniter\BaseModel->first()
#7 C:\wamp64\www\Torremar\system\CodeIgniter.php(932): App\Controllers\Users->deleteRoom('4')
#8 C:\wamp64\www\Torremar\system\CodeIgniter.php(497): CodeIgniter\CodeIgniter->runController(Object(App\Controllers\Users))
#9 C:\wamp64\www\Torremar\system\CodeIgniter.php(366): CodeIgniter\CodeIgniter->handleRequest(NULL, Object(Config\Cache), false)
#10 C:\wamp64\www\Torremar\public\index.php(67): CodeIgniter\CodeIgniter->run()
#11 {main}
CRITICAL - 2023-07-07 07:20:29 --> Unknown column 'id' in 'where clause'
in SYSTEMPATH\Database\MySQLi\Connection.php on line 295.
 1 SYSTEMPATH\Database\MySQLi\Connection.php(295): mysqli->query('SELECT *
FROM `tor_reserve`
WHERE `id` = \'4\'
 LIMIT 1', 0)
 2 SYSTEMPATH\Database\BaseConnection.php(692): CodeIgniter\Database\MySQLi\Connection->execute('SELECT *
FROM `tor_reserve`
WHERE `id` = \'4\'
 LIMIT 1')
 3 SYSTEMPATH\Database\BaseConnection.php(606): CodeIgniter\Database\BaseConnection->simpleQuery('SELECT *
FROM `tor_reserve`
WHERE `id` = \'4\'
 LIMIT 1')
 4 SYSTEMPATH\Database\BaseBuilder.php(1616): CodeIgniter\Database\BaseConnection->query('SELECT *
FROM `tor_reserve`
WHERE `id` = :id:
 LIMIT 1', [...], false)
 5 SYSTEMPATH\Model.php(268): CodeIgniter\Database\BaseBuilder->get()
 6 SYSTEMPATH\BaseModel.php(656): CodeIgniter\Model->doFirst()
 7 APPPATH\Controllers\Users.php(87): CodeIgniter\BaseModel->first()
 8 SYSTEMPATH\CodeIgniter.php(932): App\Controllers\Users->deleteRoom('4')
 9 SYSTEMPATH\CodeIgniter.php(497): CodeIgniter\CodeIgniter->runController(Object(App\Controllers\Users))
10 SYSTEMPATH\CodeIgniter.php(366): CodeIgniter\CodeIgniter->handleRequest(null, Object(Config\Cache), false)
11 FCPATH\index.php(67): CodeIgniter\CodeIgniter->run()
ERROR - 2023-07-07 07:20:38 --> mysqli_sql_exception: Unknown column 'id' in 'where clause' in C:\wamp64\www\Torremar\system\Database\MySQLi\Connection.php:295
Stack trace:
#0 C:\wamp64\www\Torremar\system\Database\MySQLi\Connection.php(295): mysqli->query('SELECT *\nFROM `...', 0)
#1 C:\wamp64\www\Torremar\system\Database\BaseConnection.php(692): CodeIgniter\Database\MySQLi\Connection->execute('SELECT *\nFROM `...')
#2 C:\wamp64\www\Torremar\system\Database\BaseConnection.php(606): CodeIgniter\Database\BaseConnection->simpleQuery('SELECT *\nFROM `...')
#3 C:\wamp64\www\Torremar\system\Database\BaseBuilder.php(1616): CodeIgniter\Database\BaseConnection->query('SELECT *\nFROM `...', Array, false)
#4 C:\wamp64\www\Torremar\system\Model.php(268): CodeIgniter\Database\BaseBuilder->get()
#5 C:\wamp64\www\Torremar\system\BaseModel.php(656): CodeIgniter\Model->doFirst()
#6 C:\wamp64\www\Torremar\app\Controllers\Users.php(87): CodeIgniter\BaseModel->first()
#7 C:\wamp64\www\Torremar\system\CodeIgniter.php(932): App\Controllers\Users->deleteRoom('4')
#8 C:\wamp64\www\Torremar\system\CodeIgniter.php(497): CodeIgniter\CodeIgniter->runController(Object(App\Controllers\Users))
#9 C:\wamp64\www\Torremar\system\CodeIgniter.php(366): CodeIgniter\CodeIgniter->handleRequest(NULL, Object(Config\Cache), false)
#10 C:\wamp64\www\Torremar\public\index.php(67): CodeIgniter\CodeIgniter->run()
#11 {main}
CRITICAL - 2023-07-07 07:20:38 --> Unknown column 'id' in 'where clause'
in SYSTEMPATH\Database\MySQLi\Connection.php on line 295.
 1 SYSTEMPATH\Database\MySQLi\Connection.php(295): mysqli->query('SELECT *
FROM `tor_reserve`
WHERE `id` = \'4\'
 LIMIT 1', 0)
 2 SYSTEMPATH\Database\BaseConnection.php(692): CodeIgniter\Database\MySQLi\Connection->execute('SELECT *
FROM `tor_reserve`
WHERE `id` = \'4\'
 LIMIT 1')
 3 SYSTEMPATH\Database\BaseConnection.php(606): CodeIgniter\Database\BaseConnection->simpleQuery('SELECT *
FROM `tor_reserve`
WHERE `id` = \'4\'
 LIMIT 1')
 4 SYSTEMPATH\Database\BaseBuilder.php(1616): CodeIgniter\Database\BaseConnection->query('SELECT *
FROM `tor_reserve`
WHERE `id` = :id:
 LIMIT 1', [...], false)
 5 SYSTEMPATH\Model.php(268): CodeIgniter\Database\BaseBuilder->get()
 6 SYSTEMPATH\BaseModel.php(656): CodeIgniter\Model->doFirst()
 7 APPPATH\Controllers\Users.php(87): CodeIgniter\BaseModel->first()
 8 SYSTEMPATH\CodeIgniter.php(932): App\Controllers\Users->deleteRoom('4')
 9 SYSTEMPATH\CodeIgniter.php(497): CodeIgniter\CodeIgniter->runController(Object(App\Controllers\Users))
10 SYSTEMPATH\CodeIgniter.php(366): CodeIgniter\CodeIgniter->handleRequest(null, Object(Config\Cache), false)
11 FCPATH\index.php(67): CodeIgniter\CodeIgniter->run()
ERROR - 2023-07-07 07:21:03 --> mysqli_sql_exception: Unknown column 'room_id' in 'where clause' in C:\wamp64\www\Torremar\system\Database\MySQLi\Connection.php:295
Stack trace:
#0 C:\wamp64\www\Torremar\system\Database\MySQLi\Connection.php(295): mysqli->query('SELECT *\nFROM `...', 0)
#1 C:\wamp64\www\Torremar\system\Database\BaseConnection.php(692): CodeIgniter\Database\MySQLi\Connection->execute('SELECT *\nFROM `...')
#2 C:\wamp64\www\Torremar\system\Database\BaseConnection.php(606): CodeIgniter\Database\BaseConnection->simpleQuery('SELECT *\nFROM `...')
#3 C:\wamp64\www\Torremar\system\Database\BaseBuilder.php(1616): CodeIgniter\Database\BaseConnection->query('SELECT *\nFROM `...', Array, false)
#4 C:\wamp64\www\Torremar\system\Model.php(268): CodeIgniter\Database\BaseBuilder->get()
#5 C:\wamp64\www\Torremar\system\BaseModel.php(656): CodeIgniter\Model->doFirst()
#6 C:\wamp64\www\Torremar\app\Controllers\Users.php(87): CodeIgniter\BaseModel->first()
#7 C:\wamp64\www\Torremar\system\CodeIgniter.php(932): App\Controllers\Users->deleteRoom('4')
#8 C:\wamp64\www\Torremar\system\CodeIgniter.php(497): CodeIgniter\CodeIgniter->runController(Object(App\Controllers\Users))
#9 C:\wamp64\www\Torremar\system\CodeIgniter.php(366): CodeIgniter\CodeIgniter->handleRequest(NULL, Object(Config\Cache), false)
#10 C:\wamp64\www\Torremar\public\index.php(67): CodeIgniter\CodeIgniter->run()
#11 {main}
CRITICAL - 2023-07-07 07:21:03 --> Unknown column 'room_id' in 'where clause'
in SYSTEMPATH\Database\MySQLi\Connection.php on line 295.
 1 SYSTEMPATH\Database\MySQLi\Connection.php(295): mysqli->query('SELECT *
FROM `tor_reserve`
WHERE `room_id` = \'4\'
 LIMIT 1', 0)
 2 SYSTEMPATH\Database\BaseConnection.php(692): CodeIgniter\Database\MySQLi\Connection->execute('SELECT *
FROM `tor_reserve`
WHERE `room_id` = \'4\'
 LIMIT 1')
 3 SYSTEMPATH\Database\BaseConnection.php(606): CodeIgniter\Database\BaseConnection->simpleQuery('SELECT *
FROM `tor_reserve`
WHERE `room_id` = \'4\'
 LIMIT 1')
 4 SYSTEMPATH\Database\BaseBuilder.php(1616): CodeIgniter\Database\BaseConnection->query('SELECT *
FROM `tor_reserve`
WHERE `room_id` = :room_id:
 LIMIT 1', [...], false)
 5 SYSTEMPATH\Model.php(268): CodeIgniter\Database\BaseBuilder->get()
 6 SYSTEMPATH\BaseModel.php(656): CodeIgniter\Model->doFirst()
 7 APPPATH\Controllers\Users.php(87): CodeIgniter\BaseModel->first()
 8 SYSTEMPATH\CodeIgniter.php(932): App\Controllers\Users->deleteRoom('4')
 9 SYSTEMPATH\CodeIgniter.php(497): CodeIgniter\CodeIgniter->runController(Object(App\Controllers\Users))
10 SYSTEMPATH\CodeIgniter.php(366): CodeIgniter\CodeIgniter->handleRequest(null, Object(Config\Cache), false)
11 FCPATH\index.php(67): CodeIgniter\CodeIgniter->run()
ERROR - 2023-07-07 07:21:47 --> mysqli_sql_exception: Unknown column 'room_id' in 'where clause' in C:\wamp64\www\Torremar\system\Database\MySQLi\Connection.php:295
Stack trace:
#0 C:\wamp64\www\Torremar\system\Database\MySQLi\Connection.php(295): mysqli->query('SELECT *\nFROM `...', 0)
#1 C:\wamp64\www\Torremar\system\Database\BaseConnection.php(692): CodeIgniter\Database\MySQLi\Connection->execute('SELECT *\nFROM `...')
#2 C:\wamp64\www\Torremar\system\Database\BaseConnection.php(606): CodeIgniter\Database\BaseConnection->simpleQuery('SELECT *\nFROM `...')
#3 C:\wamp64\www\Torremar\system\Database\BaseBuilder.php(1616): CodeIgniter\Database\BaseConnection->query('SELECT *\nFROM `...', Array, false)
#4 C:\wamp64\www\Torremar\system\Model.php(268): CodeIgniter\Database\BaseBuilder->get()
#5 C:\wamp64\www\Torremar\system\BaseModel.php(656): CodeIgniter\Model->doFirst()
#6 C:\wamp64\www\Torremar\app\Controllers\Users.php(87): CodeIgniter\BaseModel->first()
#7 C:\wamp64\www\Torremar\system\CodeIgniter.php(932): App\Controllers\Users->deleteRoom('4')
#8 C:\wamp64\www\Torremar\system\CodeIgniter.php(497): CodeIgniter\CodeIgniter->runController(Object(App\Controllers\Users))
#9 C:\wamp64\www\Torremar\system\CodeIgniter.php(366): CodeIgniter\CodeIgniter->handleRequest(NULL, Object(Config\Cache), false)
#10 C:\wamp64\www\Torremar\public\index.php(67): CodeIgniter\CodeIgniter->run()
#11 {main}
CRITICAL - 2023-07-07 07:21:47 --> Unknown column 'room_id' in 'where clause'
in SYSTEMPATH\Database\MySQLi\Connection.php on line 295.
 1 SYSTEMPATH\Database\MySQLi\Connection.php(295): mysqli->query('SELECT *
FROM `tor_reserve`
WHERE `room_id` = \'4\'
 LIMIT 1', 0)
 2 SYSTEMPATH\Database\BaseConnection.php(692): CodeIgniter\Database\MySQLi\Connection->execute('SELECT *
FROM `tor_reserve`
WHERE `room_id` = \'4\'
 LIMIT 1')
 3 SYSTEMPATH\Database\BaseConnection.php(606): CodeIgniter\Database\BaseConnection->simpleQuery('SELECT *
FROM `tor_reserve`
WHERE `room_id` = \'4\'
 LIMIT 1')
 4 SYSTEMPATH\Database\BaseBuilder.php(1616): CodeIgniter\Database\BaseConnection->query('SELECT *
FROM `tor_reserve`
WHERE `room_id` = :room_id:
 LIMIT 1', [...], false)
 5 SYSTEMPATH\Model.php(268): CodeIgniter\Database\BaseBuilder->get()
 6 SYSTEMPATH\BaseModel.php(656): CodeIgniter\Model->doFirst()
 7 APPPATH\Controllers\Users.php(87): CodeIgniter\BaseModel->first()
 8 SYSTEMPATH\CodeIgniter.php(932): App\Controllers\Users->deleteRoom('4')
 9 SYSTEMPATH\CodeIgniter.php(497): CodeIgniter\CodeIgniter->runController(Object(App\Controllers\Users))
10 SYSTEMPATH\CodeIgniter.php(366): CodeIgniter\CodeIgniter->handleRequest(null, Object(Config\Cache), false)
11 FCPATH\index.php(67): CodeIgniter\CodeIgniter->run()
CRITICAL - 2023-07-07 07:22:36 --> Call to a member function first() on null
in APPPATH\Controllers\Users.php on line 87.
 1 SYSTEMPATH\CodeIgniter.php(932): App\Controllers\Users->deleteRoom('4')
 2 SYSTEMPATH\CodeIgniter.php(497): CodeIgniter\CodeIgniter->runController(Object(App\Controllers\Users))
 3 SYSTEMPATH\CodeIgniter.php(366): CodeIgniter\CodeIgniter->handleRequest(null, Object(Config\Cache), false)
 4 FCPATH\index.php(67): CodeIgniter\CodeIgniter->run()
CRITICAL - 2023-07-07 07:22:54 --> Trying to access array offset on value of type null
in APPPATH\Controllers\Users.php on line 88.
 1 APPPATH\Controllers\Users.php(88): CodeIgniter\Debug\Exceptions->errorHandler(2, 'Trying to access array offset on value of type null', 'C:\\wamp64\\www\\Torremar\\app\\Controllers\\Users.php', 88)
 2 SYSTEMPATH\CodeIgniter.php(932): App\Controllers\Users->deleteRoom('4')
 3 SYSTEMPATH\CodeIgniter.php(497): CodeIgniter\CodeIgniter->runController(Object(App\Controllers\Users))
 4 SYSTEMPATH\CodeIgniter.php(366): CodeIgniter\CodeIgniter->handleRequest(null, Object(Config\Cache), false)
 5 FCPATH\index.php(67): CodeIgniter\CodeIgniter->run()
CRITICAL - 2023-07-07 07:23:20 --> Cannot use object of type App\Models\Bedroom as array
in APPPATH\Controllers\Users.php on line 88.
 1 SYSTEMPATH\CodeIgniter.php(932): App\Controllers\Users->deleteRoom('4')
 2 SYSTEMPATH\CodeIgniter.php(497): CodeIgniter\CodeIgniter->runController(Object(App\Controllers\Users))
 3 SYSTEMPATH\CodeIgniter.php(366): CodeIgniter\CodeIgniter->handleRequest(null, Object(Config\Cache), false)
 4 FCPATH\index.php(67): CodeIgniter\CodeIgniter->run()
CRITICAL - 2023-07-07 07:23:48 --> unlink(../public/uploads/): Is a directory
in APPPATH\Controllers\Users.php on line 89.
 1 [internal function]: CodeIgniter\Debug\Exceptions->errorHandler(2, 'unlink(../public/uploads/): Is a directory', 'C:\\wamp64\\www\\Torremar\\app\\Controllers\\Users.php', 89)
 2 APPPATH\Controllers\Users.php(89): unlink('../public/uploads/')
 3 SYSTEMPATH\CodeIgniter.php(932): App\Controllers\Users->deleteRoom('4')
 4 SYSTEMPATH\CodeIgniter.php(497): CodeIgniter\CodeIgniter->runController(Object(App\Controllers\Users))
 5 SYSTEMPATH\CodeIgniter.php(366): CodeIgniter\CodeIgniter->handleRequest(null, Object(Config\Cache), false)
 6 FCPATH\index.php(67): CodeIgniter\CodeIgniter->run()
CRITICAL - 2023-07-07 07:24:18 --> unlink(../public/uploads/): Is a directory
in APPPATH\Controllers\Users.php on line 89.
 1 [internal function]: CodeIgniter\Debug\Exceptions->errorHandler(2, 'unlink(../public/uploads/): Is a directory', 'C:\\wamp64\\www\\Torremar\\app\\Controllers\\Users.php', 89)
 2 APPPATH\Controllers\Users.php(89): unlink('../public/uploads/')
 3 SYSTEMPATH\CodeIgniter.php(932): App\Controllers\Users->deleteRoom('4')
 4 SYSTEMPATH\CodeIgniter.php(497): CodeIgniter\CodeIgniter->runController(Object(App\Controllers\Users))
 5 SYSTEMPATH\CodeIgniter.php(366): CodeIgniter\CodeIgniter->handleRequest(null, Object(Config\Cache), false)
 6 FCPATH\index.php(67): CodeIgniter\CodeIgniter->run()
CRITICAL - 2023-07-07 07:26:12 --> unlink(../public/uploads/): Is a directory
in APPPATH\Controllers\Users.php on line 90.
 1 [internal function]: CodeIgniter\Debug\Exceptions->errorHandler(2, 'unlink(../public/uploads/): Is a directory', 'C:\\wamp64\\www\\Torremar\\app\\Controllers\\Users.php', 90)
 2 APPPATH\Controllers\Users.php(90): unlink('../public/uploads/')
 3 SYSTEMPATH\CodeIgniter.php(932): App\Controllers\Users->deleteRoom('4')
 4 SYSTEMPATH\CodeIgniter.php(497): CodeIgniter\CodeIgniter->runController(Object(App\Controllers\Users))
 5 SYSTEMPATH\CodeIgniter.php(366): CodeIgniter\CodeIgniter->handleRequest(null, Object(Config\Cache), false)
 6 FCPATH\index.php(67): CodeIgniter\CodeIgniter->run()
CRITICAL - 2023-07-07 07:27:41 --> unlink(../public/uploads/): Is a directory
in APPPATH\Controllers\Users.php on line 90.
 1 [internal function]: CodeIgniter\Debug\Exceptions->errorHandler(2, 'unlink(../public/uploads/): Is a directory', 'C:\\wamp64\\www\\Torremar\\app\\Controllers\\Users.php', 90)
 2 APPPATH\Controllers\Users.php(90): unlink('../public/uploads/')
 3 SYSTEMPATH\CodeIgniter.php(932): App\Controllers\Users->deleteRoom('4')
 4 SYSTEMPATH\CodeIgniter.php(497): CodeIgniter\CodeIgniter->runController(Object(App\Controllers\Users))
 5 SYSTEMPATH\CodeIgniter.php(366): CodeIgniter\CodeIgniter->handleRequest(null, Object(Config\Cache), false)
 6 FCPATH\index.php(67): CodeIgniter\CodeIgniter->run()
CRITICAL - 2023-07-07 07:28:07 --> unlink(../public/uploads/): Is a directory
in APPPATH\Controllers\Users.php on line 90.
 1 [internal function]: CodeIgniter\Debug\Exceptions->errorHandler(2, 'unlink(../public/uploads/): Is a directory', 'C:\\wamp64\\www\\Torremar\\app\\Controllers\\Users.php', 90)
 2 APPPATH\Controllers\Users.php(90): unlink('../public/uploads/')
 3 SYSTEMPATH\CodeIgniter.php(932): App\Controllers\Users->deleteRoom('4')
 4 SYSTEMPATH\CodeIgniter.php(497): CodeIgniter\CodeIgniter->runController(Object(App\Controllers\Users))
 5 SYSTEMPATH\CodeIgniter.php(366): CodeIgniter\CodeIgniter->handleRequest(null, Object(Config\Cache), false)
 6 FCPATH\index.php(67): CodeIgniter\CodeIgniter->run()
CRITICAL - 2023-07-07 07:28:18 --> Cannot use object of type App\Models\Bedroom as array
in APPPATH\Controllers\Users.php on line 88.
 1 SYSTEMPATH\CodeIgniter.php(932): App\Controllers\Users->deleteRoom('4')
 2 SYSTEMPATH\CodeIgniter.php(497): CodeIgniter\CodeIgniter->runController(Object(App\Controllers\Users))
 3 SYSTEMPATH\CodeIgniter.php(366): CodeIgniter\CodeIgniter->handleRequest(null, Object(Config\Cache), false)
 4 FCPATH\index.php(67): CodeIgniter\CodeIgniter->run()
CRITICAL - 2023-07-07 07:30:08 --> Cannot use object of type App\Models\Bedroom as array
in APPPATH\Controllers\Users.php on line 88.
 1 SYSTEMPATH\CodeIgniter.php(932): App\Controllers\Users->deleteRoom('4')
 2 SYSTEMPATH\CodeIgniter.php(497): CodeIgniter\CodeIgniter->runController(Object(App\Controllers\Users))
 3 SYSTEMPATH\CodeIgniter.php(366): CodeIgniter\CodeIgniter->handleRequest(null, Object(Config\Cache), false)
 4 FCPATH\index.php(67): CodeIgniter\CodeIgniter->run()
CRITICAL - 2023-07-07 07:30:41 --> unlink(../public/uploads/): Is a directory
in APPPATH\Controllers\Users.php on line 90.
 1 [internal function]: CodeIgniter\Debug\Exceptions->errorHandler(2, 'unlink(../public/uploads/): Is a directory', 'C:\\wamp64\\www\\Torremar\\app\\Controllers\\Users.php', 90)
 2 APPPATH\Controllers\Users.php(90): unlink('../public/uploads/')
 3 SYSTEMPATH\CodeIgniter.php(932): App\Controllers\Users->deleteRoom('4')
 4 SYSTEMPATH\CodeIgniter.php(497): CodeIgniter\CodeIgniter->runController(Object(App\Controllers\Users))
 5 SYSTEMPATH\CodeIgniter.php(366): CodeIgniter\CodeIgniter->handleRequest(null, Object(Config\Cache), false)
 6 FCPATH\index.php(67): CodeIgniter\CodeIgniter->run()
CRITICAL - 2023-07-07 07:30:59 --> Attempt to read property "room_image" on null
in APPPATH\Controllers\Users.php on line 89.
 1 APPPATH\Controllers\Users.php(89): CodeIgniter\Debug\Exceptions->errorHandler(2, 'Attempt to read property "room_image" on null', 'C:\\wamp64\\www\\Torremar\\app\\Controllers\\Users.php', 89)
 2 SYSTEMPATH\CodeIgniter.php(932): App\Controllers\Users->deleteRoom('4')
 3 SYSTEMPATH\CodeIgniter.php(497): CodeIgniter\CodeIgniter->runController(Object(App\Controllers\Users))
 4 SYSTEMPATH\CodeIgniter.php(366): CodeIgniter\CodeIgniter->handleRequest(null, Object(Config\Cache), false)
 5 FCPATH\index.php(67): CodeIgniter\CodeIgniter->run()
CRITICAL - 2023-07-07 07:31:16 --> Attempt to read property "room_image" on null
in APPPATH\Controllers\Users.php on line 89.
 1 APPPATH\Controllers\Users.php(89): CodeIgniter\Debug\Exceptions->errorHandler(2, 'Attempt to read property "room_image" on null', 'C:\\wamp64\\www\\Torremar\\app\\Controllers\\Users.php', 89)
 2 SYSTEMPATH\CodeIgniter.php(932): App\Controllers\Users->deleteRoom('4')
 3 SYSTEMPATH\CodeIgniter.php(497): CodeIgniter\CodeIgniter->runController(Object(App\Controllers\Users))
 4 SYSTEMPATH\CodeIgniter.php(366): CodeIgniter\CodeIgniter->handleRequest(null, Object(Config\Cache), false)
 5 FCPATH\index.php(67): CodeIgniter\CodeIgniter->run()
CRITICAL - 2023-07-07 07:32:13 --> Attempt to read property "room_image" on array
in APPPATH\Controllers\Users.php on line 89.
 1 APPPATH\Controllers\Users.php(89): CodeIgniter\Debug\Exceptions->errorHandler(2, 'Attempt to read property "room_image" on array', 'C:\\wamp64\\www\\Torremar\\app\\Controllers\\Users.php', 89)
 2 SYSTEMPATH\CodeIgniter.php(932): App\Controllers\Users->deleteRoom('4')
 3 SYSTEMPATH\CodeIgniter.php(497): CodeIgniter\CodeIgniter->runController(Object(App\Controllers\Users))
 4 SYSTEMPATH\CodeIgniter.php(366): CodeIgniter\CodeIgniter->handleRequest(null, Object(Config\Cache), false)
 5 FCPATH\index.php(67): CodeIgniter\CodeIgniter->run()
CRITICAL - 2023-07-07 07:32:28 --> Attempt to read property "room_image" on array
in APPPATH\Controllers\Users.php on line 89.
 1 APPPATH\Controllers\Users.php(89): CodeIgniter\Debug\Exceptions->errorHandler(2, 'Attempt to read property "room_image" on array', 'C:\\wamp64\\www\\Torremar\\app\\Controllers\\Users.php', 89)
 2 SYSTEMPATH\CodeIgniter.php(932): App\Controllers\Users->deleteRoom('4')
 3 SYSTEMPATH\CodeIgniter.php(497): CodeIgniter\CodeIgniter->runController(Object(App\Controllers\Users))
 4 SYSTEMPATH\CodeIgniter.php(366): CodeIgniter\CodeIgniter->handleRequest(null, Object(Config\Cache), false)
 5 FCPATH\index.php(67): CodeIgniter\CodeIgniter->run()
CRITICAL - 2023-07-07 07:33:07 --> Call to a member function delete() on array
in APPPATH\Controllers\Users.php on line 90.
 1 SYSTEMPATH\CodeIgniter.php(932): App\Controllers\Users->deleteRoom('4')
 2 SYSTEMPATH\CodeIgniter.php(497): CodeIgniter\CodeIgniter->runController(Object(App\Controllers\Users))
 3 SYSTEMPATH\CodeIgniter.php(366): CodeIgniter\CodeIgniter->handleRequest(null, Object(Config\Cache), false)
 4 FCPATH\index.php(67): CodeIgniter\CodeIgniter->run()
CRITICAL - 2023-07-07 07:33:25 --> unlink(../public/uploads/1688519085_e990a77bbfbdcf06bce1.jpg): No such file or directory
in APPPATH\Controllers\Users.php on line 89.
 1 [internal function]: CodeIgniter\Debug\Exceptions->errorHandler(2, 'unlink(../public/uploads/1688519085_e990a77bbfbdcf06bce1.jpg): No such file or directory', 'C:\\wamp64\\www\\Torremar\\app\\Controllers\\Users.php', 89)
 2 APPPATH\Controllers\Users.php(89): unlink('../public/uploads/1688519085_e990a77bbfbdcf06bce1.jpg')
 3 SYSTEMPATH\CodeIgniter.php(932): App\Controllers\Users->deleteRoom('4')
 4 SYSTEMPATH\CodeIgniter.php(497): CodeIgniter\CodeIgniter->runController(Object(App\Controllers\Users))
 5 SYSTEMPATH\CodeIgniter.php(366): CodeIgniter\CodeIgniter->handleRequest(null, Object(Config\Cache), false)
 6 FCPATH\index.php(67): CodeIgniter\CodeIgniter->run()
CRITICAL - 2023-07-07 07:34:39 --> Undefined variable $session
in APPPATH\Controllers\Users.php on line 91.
 1 APPPATH\Controllers\Users.php(91): CodeIgniter\Debug\Exceptions->errorHandler(2, 'Undefined variable $session', 'C:\\wamp64\\www\\Torremar\\app\\Controllers\\Users.php', 91)
 2 SYSTEMPATH\CodeIgniter.php(932): App\Controllers\Users->deleteRoom('2')
 3 SYSTEMPATH\CodeIgniter.php(497): CodeIgniter\CodeIgniter->runController(Object(App\Controllers\Users))
 4 SYSTEMPATH\CodeIgniter.php(366): CodeIgniter\CodeIgniter->handleRequest(null, Object(Config\Cache), false)
 5 FCPATH\index.php(67): CodeIgniter\CodeIgniter->run()
CRITICAL - 2023-07-07 07:34:58 --> Trying to access array offset on value of type null
in APPPATH\Controllers\Users.php on line 89.
 1 APPPATH\Controllers\Users.php(89): CodeIgniter\Debug\Exceptions->errorHandler(2, 'Trying to access array offset on value of type null', 'C:\\wamp64\\www\\Torremar\\app\\Controllers\\Users.php', 89)
 2 SYSTEMPATH\CodeIgniter.php(932): App\Controllers\Users->deleteRoom('2')
 3 SYSTEMPATH\CodeIgniter.php(497): CodeIgniter\CodeIgniter->runController(Object(App\Controllers\Users))
 4 SYSTEMPATH\CodeIgniter.php(366): CodeIgniter\CodeIgniter->handleRequest(null, Object(Config\Cache), false)
 5 FCPATH\index.php(67): CodeIgniter\CodeIgniter->run()
CRITICAL - 2023-07-07 07:41:30 --> The original file is not a valid file.
in SYSTEMPATH\HTTP\Files\UploadedFile.php on line 137.
 1 SYSTEMPATH\HTTP\Files\UploadedFile.php(137): CodeIgniter\HTTP\Exceptions\HTTPException::forInvalidFile()
 2 APPPATH\Controllers\Users.php(58): CodeIgniter\HTTP\Files\UploadedFile->move('../public/uploads/', '1688715690_b15d5a6a9067ff952aba.jpg')
 3 SYSTEMPATH\CodeIgniter.php(932): App\Controllers\Users->saveRoom()
 4 SYSTEMPATH\CodeIgniter.php(497): CodeIgniter\CodeIgniter->runController(Object(App\Controllers\Users))
 5 SYSTEMPATH\CodeIgniter.php(366): CodeIgniter\CodeIgniter->handleRequest(null, Object(Config\Cache), false)
 6 FCPATH\index.php(67): CodeIgniter\CodeIgniter->run()
CRITICAL - 2023-07-07 07:45:54 --> Undefined array key "room_name"
in APPPATH\Controllers\Users.php on line 43.
 1 APPPATH\Controllers\Users.php(43): CodeIgniter\Debug\Exceptions->errorHandler(2, 'Undefined array key "room_name"', 'C:\\wamp64\\www\\Torremar\\app\\Controllers\\Users.php', 43)
 2 SYSTEMPATH\CodeIgniter.php(932): App\Controllers\Users->saveRoom()
 3 SYSTEMPATH\CodeIgniter.php(497): CodeIgniter\CodeIgniter->runController(Object(App\Controllers\Users))
 4 SYSTEMPATH\CodeIgniter.php(366): CodeIgniter\CodeIgniter->handleRequest(null, Object(Config\Cache), false)
 5 FCPATH\index.php(67): CodeIgniter\CodeIgniter->run()
CRITICAL - 2023-07-07 07:46:39 --> Undefined array key "room_name"
in APPPATH\Controllers\Users.php on line 43.
 1 APPPATH\Controllers\Users.php(43): CodeIgniter\Debug\Exceptions->errorHandler(2, 'Undefined array key "room_name"', 'C:\\wamp64\\www\\Torremar\\app\\Controllers\\Users.php', 43)
 2 SYSTEMPATH\CodeIgniter.php(932): App\Controllers\Users->saveRoom()
 3 SYSTEMPATH\CodeIgniter.php(497): CodeIgniter\CodeIgniter->runController(Object(App\Controllers\Users))
 4 SYSTEMPATH\CodeIgniter.php(366): CodeIgniter\CodeIgniter->handleRequest(null, Object(Config\Cache), false)
 5 FCPATH\index.php(67): CodeIgniter\CodeIgniter->run()
CRITICAL - 2023-07-07 07:47:59 --> The original file is not a valid file.
in SYSTEMPATH\HTTP\Files\UploadedFile.php on line 137.
 1 SYSTEMPATH\HTTP\Files\UploadedFile.php(137): CodeIgniter\HTTP\Exceptions\HTTPException::forInvalidFile()
 2 APPPATH\Controllers\Users.php(58): CodeIgniter\HTTP\Files\UploadedFile->move('../public/uploads/', '1688716079_98d814d3ec85d95b878d.jpg')
 3 SYSTEMPATH\CodeIgniter.php(932): App\Controllers\Users->saveRoom()
 4 SYSTEMPATH\CodeIgniter.php(497): CodeIgniter\CodeIgniter->runController(Object(App\Controllers\Users))
 5 SYSTEMPATH\CodeIgniter.php(366): CodeIgniter\CodeIgniter->handleRequest(null, Object(Config\Cache), false)
 6 FCPATH\index.php(67): CodeIgniter\CodeIgniter->run()
CRITICAL - 2023-07-07 07:48:16 --> Undefined array key "room_name"
in APPPATH\Controllers\Users.php on line 43.
 1 APPPATH\Controllers\Users.php(43): CodeIgniter\Debug\Exceptions->errorHandler(2, 'Undefined array key "room_name"', 'C:\\wamp64\\www\\Torremar\\app\\Controllers\\Users.php', 43)
 2 SYSTEMPATH\CodeIgniter.php(932): App\Controllers\Users->saveRoom()
 3 SYSTEMPATH\CodeIgniter.php(497): CodeIgniter\CodeIgniter->runController(Object(App\Controllers\Users))
 4 SYSTEMPATH\CodeIgniter.php(366): CodeIgniter\CodeIgniter->handleRequest(null, Object(Config\Cache), false)
 5 FCPATH\index.php(67): CodeIgniter\CodeIgniter->run()
CRITICAL - 2023-07-07 07:50:16 --> The original file is not a valid file.
in SYSTEMPATH\HTTP\Files\UploadedFile.php on line 137.
 1 SYSTEMPATH\HTTP\Files\UploadedFile.php(137): CodeIgniter\HTTP\Exceptions\HTTPException::forInvalidFile()
 2 APPPATH\Controllers\Users.php(58): CodeIgniter\HTTP\Files\UploadedFile->move('../public/uploads/', '1688716216_a4ec08cf5b95232b34f6.jpg')
 3 SYSTEMPATH\CodeIgniter.php(932): App\Controllers\Users->saveRoom()
 4 SYSTEMPATH\CodeIgniter.php(497): CodeIgniter\CodeIgniter->runController(Object(App\Controllers\Users))
 5 SYSTEMPATH\CodeIgniter.php(366): CodeIgniter\CodeIgniter->handleRequest(null, Object(Config\Cache), false)
 6 FCPATH\index.php(67): CodeIgniter\CodeIgniter->run()
