CRITICAL - 2023-06-29 23:16:41 --> Invalid file: "templates/header.php"
in SYSTEMPATH\Exceptions\FrameworkException.php on line 33.
 1 SYSTEMPATH\View\View.php(212): CodeIgniter\Exceptions\FrameworkException::forInvalidFile('templates/header.php')
 2 SYSTEMPATH\Common.php(1180): CodeIgniter\View\View->render('templates/header', [], true)
 3 APPPATH\Controllers\Home.php(10): view('templates/header')
 4 SYSTEMPATH\CodeIgniter.php(932): App\Controllers\Home->index()
 5 SYSTEMPATH\CodeIgniter.php(497): CodeIgniter\CodeIgniter->runController(Object(App\Controllers\Home))
 6 SYSTEMPATH\CodeIgniter.php(366): CodeIgniter\CodeIgniter->handleRequest(null, Object(Config\Cache), false)
 7 FCPATH\index.php(67): CodeIgniter\CodeIgniter->run()
CRITICAL - 2023-06-29 23:52:50 --> Invalid file: "templates/header.php"
in SYSTEMPATH\Exceptions\FrameworkException.php on line 33.
 1 SYSTEMPATH\View\View.php(212): CodeIgniter\Exceptions\FrameworkException::forInvalidFile('templates/header.php')
 2 SYSTEMPATH\Common.php(1180): CodeIgniter\View\View->render('templates/header', [], true)
 3 APPPATH\Controllers\Home.php(10): view('templates/header')
 4 SYSTEMPATH\CodeIgniter.php(932): App\Controllers\Home->index()
 5 SYSTEMPATH\CodeIgniter.php(497): CodeIgniter\CodeIgniter->runController(Object(App\Controllers\Home))
 6 SYSTEMPATH\CodeIgniter.php(366): CodeIgniter\CodeIgniter->handleRequest(null, Object(Config\Cache), false)
 7 FCPATH\index.php(67): CodeIgniter\CodeIgniter->run()
CRITICAL - 2023-06-29 23:57:05 --> include(template/header): Failed to open stream: No such file or directory
in APPPATH\Views\home.php on line 1.
 1 APPPATH\Views\home.php(1): CodeIgniter\Debug\Exceptions->errorHandler(2, 'include(template/header): Failed to open stream: No such file or directory', 'C:\\wamp64\\www\\Torremar\\app\\Views\\home.php', 1)
 2 APPPATH\Views\home.php(1): include()
 3 SYSTEMPATH\View\View.php(224): include('C:\\wamp64\\www\\Torremar\\app\\Views\\home.php')
 4 SYSTEMPATH\View\View.php(227): CodeIgniter\View\View->CodeIgniter\View\{closure}()
 5 SYSTEMPATH\Common.php(1180): CodeIgniter\View\View->render('home', [], true)
 6 APPPATH\Controllers\Home.php(12): view('home')
 7 SYSTEMPATH\CodeIgniter.php(932): App\Controllers\Home->index()
 8 SYSTEMPATH\CodeIgniter.php(497): CodeIgniter\CodeIgniter->runController(Object(App\Controllers\Home))
 9 SYSTEMPATH\CodeIgniter.php(366): CodeIgniter\CodeIgniter->handleRequest(null, Object(Config\Cache), false)
10 FCPATH\index.php(67): CodeIgniter\CodeIgniter->run()
CRITICAL - 2023-06-29 23:57:31 --> include(app/template/header): Failed to open stream: No such file or directory
in APPPATH\Views\home.php on line 1.
 1 APPPATH\Views\home.php(1): CodeIgniter\Debug\Exceptions->errorHandler(2, 'include(app/template/header): Failed to open stream: No such file or directory', 'C:\\wamp64\\www\\Torremar\\app\\Views\\home.php', 1)
 2 APPPATH\Views\home.php(1): include()
 3 SYSTEMPATH\View\View.php(224): include('C:\\wamp64\\www\\Torremar\\app\\Views\\home.php')
 4 SYSTEMPATH\View\View.php(227): CodeIgniter\View\View->CodeIgniter\View\{closure}()
 5 SYSTEMPATH\Common.php(1180): CodeIgniter\View\View->render('home', [], true)
 6 APPPATH\Controllers\Home.php(12): view('home')
 7 SYSTEMPATH\CodeIgniter.php(932): App\Controllers\Home->index()
 8 SYSTEMPATH\CodeIgniter.php(497): CodeIgniter\CodeIgniter->runController(Object(App\Controllers\Home))
 9 SYSTEMPATH\CodeIgniter.php(366): CodeIgniter\CodeIgniter->handleRequest(null, Object(Config\Cache), false)
10 FCPATH\index.php(67): CodeIgniter\CodeIgniter->run()
CRITICAL - 2023-06-29 23:57:49 --> include(../app/template/header): Failed to open stream: No such file or directory
in APPPATH\Views\home.php on line 1.
 1 APPPATH\Views\home.php(1): CodeIgniter\Debug\Exceptions->errorHandler(2, 'include(../app/template/header): Failed to open stream: No such file or directory', 'C:\\wamp64\\www\\Torremar\\app\\Views\\home.php', 1)
 2 APPPATH\Views\home.php(1): include()
 3 SYSTEMPATH\View\View.php(224): include('C:\\wamp64\\www\\Torremar\\app\\Views\\home.php')
 4 SYSTEMPATH\View\View.php(227): CodeIgniter\View\View->CodeIgniter\View\{closure}()
 5 SYSTEMPATH\Common.php(1180): CodeIgniter\View\View->render('home', [], true)
 6 APPPATH\Controllers\Home.php(12): view('home')
 7 SYSTEMPATH\CodeIgniter.php(932): App\Controllers\Home->index()
 8 SYSTEMPATH\CodeIgniter.php(497): CodeIgniter\CodeIgniter->runController(Object(App\Controllers\Home))
 9 SYSTEMPATH\CodeIgniter.php(366): CodeIgniter\CodeIgniter->handleRequest(null, Object(Config\Cache), false)
10 FCPATH\index.php(67): CodeIgniter\CodeIgniter->run()
CRITICAL - 2023-06-29 23:58:17 --> include(/template/header): Failed to open stream: No such file or directory
in APPPATH\Views\home.php on line 1.
 1 APPPATH\Views\home.php(1): CodeIgniter\Debug\Exceptions->errorHandler(2, 'include(/template/header): Failed to open stream: No such file or directory', 'C:\\wamp64\\www\\Torremar\\app\\Views\\home.php', 1)
 2 APPPATH\Views\home.php(1): include()
 3 SYSTEMPATH\View\View.php(224): include('C:\\wamp64\\www\\Torremar\\app\\Views\\home.php')
 4 SYSTEMPATH\View\View.php(227): CodeIgniter\View\View->CodeIgniter\View\{closure}()
 5 SYSTEMPATH\Common.php(1180): CodeIgniter\View\View->render('home', [], true)
 6 APPPATH\Controllers\Home.php(12): view('home')
 7 SYSTEMPATH\CodeIgniter.php(932): App\Controllers\Home->index()
 8 SYSTEMPATH\CodeIgniter.php(497): CodeIgniter\CodeIgniter->runController(Object(App\Controllers\Home))
 9 SYSTEMPATH\CodeIgniter.php(366): CodeIgniter\CodeIgniter->handleRequest(null, Object(Config\Cache), false)
10 FCPATH\index.php(67): CodeIgniter\CodeIgniter->run()
CRITICAL - 2023-06-29 23:58:29 --> include(\template\header): Failed to open stream: No such file or directory
in APPPATH\Views\home.php on line 1.
 1 APPPATH\Views\home.php(1): CodeIgniter\Debug\Exceptions->errorHandler(2, 'include(\\template\\header): Failed to open stream: No such file or directory', 'C:\\wamp64\\www\\Torremar\\app\\Views\\home.php', 1)
 2 APPPATH\Views\home.php(1): include()
 3 SYSTEMPATH\View\View.php(224): include('C:\\wamp64\\www\\Torremar\\app\\Views\\home.php')
 4 SYSTEMPATH\View\View.php(227): CodeIgniter\View\View->CodeIgniter\View\{closure}()
 5 SYSTEMPATH\Common.php(1180): CodeIgniter\View\View->render('home', [], true)
 6 APPPATH\Controllers\Home.php(12): view('home')
 7 SYSTEMPATH\CodeIgniter.php(932): App\Controllers\Home->index()
 8 SYSTEMPATH\CodeIgniter.php(497): CodeIgniter\CodeIgniter->runController(Object(App\Controllers\Home))
 9 SYSTEMPATH\CodeIgniter.php(366): CodeIgniter\CodeIgniter->handleRequest(null, Object(Config\Cache), false)
10 FCPATH\index.php(67): CodeIgniter\CodeIgniter->run()
CRITICAL - 2023-06-29 23:58:38 --> include(..\template\header): Failed to open stream: No such file or directory
in APPPATH\Views\home.php on line 1.
 1 APPPATH\Views\home.php(1): CodeIgniter\Debug\Exceptions->errorHandler(2, 'include(..\\template\\header): Failed to open stream: No such file or directory', 'C:\\wamp64\\www\\Torremar\\app\\Views\\home.php', 1)
 2 APPPATH\Views\home.php(1): include()
 3 SYSTEMPATH\View\View.php(224): include('C:\\wamp64\\www\\Torremar\\app\\Views\\home.php')
 4 SYSTEMPATH\View\View.php(227): CodeIgniter\View\View->CodeIgniter\View\{closure}()
 5 SYSTEMPATH\Common.php(1180): CodeIgniter\View\View->render('home', [], true)
 6 APPPATH\Controllers\Home.php(12): view('home')
 7 SYSTEMPATH\CodeIgniter.php(932): App\Controllers\Home->index()
 8 SYSTEMPATH\CodeIgniter.php(497): CodeIgniter\CodeIgniter->runController(Object(App\Controllers\Home))
 9 SYSTEMPATH\CodeIgniter.php(366): CodeIgniter\CodeIgniter->handleRequest(null, Object(Config\Cache), false)
10 FCPATH\index.php(67): CodeIgniter\CodeIgniter->run()
CRITICAL - 2023-06-29 23:58:48 --> include(..\app\template\header): Failed to open stream: No such file or directory
in APPPATH\Views\home.php on line 1.
 1 APPPATH\Views\home.php(1): CodeIgniter\Debug\Exceptions->errorHandler(2, 'include(..\\app\\template\\header): Failed to open stream: No such file or directory', 'C:\\wamp64\\www\\Torremar\\app\\Views\\home.php', 1)
 2 APPPATH\Views\home.php(1): include()
 3 SYSTEMPATH\View\View.php(224): include('C:\\wamp64\\www\\Torremar\\app\\Views\\home.php')
 4 SYSTEMPATH\View\View.php(227): CodeIgniter\View\View->CodeIgniter\View\{closure}()
 5 SYSTEMPATH\Common.php(1180): CodeIgniter\View\View->render('home', [], true)
 6 APPPATH\Controllers\Home.php(12): view('home')
 7 SYSTEMPATH\CodeIgniter.php(932): App\Controllers\Home->index()
 8 SYSTEMPATH\CodeIgniter.php(497): CodeIgniter\CodeIgniter->runController(Object(App\Controllers\Home))
 9 SYSTEMPATH\CodeIgniter.php(366): CodeIgniter\CodeIgniter->handleRequest(null, Object(Config\Cache), false)
10 FCPATH\index.php(67): CodeIgniter\CodeIgniter->run()
CRITICAL - 2023-06-29 23:59:20 --> include(app\Views\template\header.php): Failed to open stream: No such file or directory
in APPPATH\Views\home.php on line 1.
 1 APPPATH\Views\home.php(1): CodeIgniter\Debug\Exceptions->errorHandler(2, 'include(app\\Views\\template\\header.php): Failed to open stream: No such file or directory', 'C:\\wamp64\\www\\Torremar\\app\\Views\\home.php', 1)
 2 APPPATH\Views\home.php(1): include()
 3 SYSTEMPATH\View\View.php(224): include('C:\\wamp64\\www\\Torremar\\app\\Views\\home.php')
 4 SYSTEMPATH\View\View.php(227): CodeIgniter\View\View->CodeIgniter\View\{closure}()
 5 SYSTEMPATH\Common.php(1180): CodeIgniter\View\View->render('home', [], true)
 6 APPPATH\Controllers\Home.php(12): view('home')
 7 SYSTEMPATH\CodeIgniter.php(932): App\Controllers\Home->index()
 8 SYSTEMPATH\CodeIgniter.php(497): CodeIgniter\CodeIgniter->runController(Object(App\Controllers\Home))
 9 SYSTEMPATH\CodeIgniter.php(366): CodeIgniter\CodeIgniter->handleRequest(null, Object(Config\Cache), false)
10 FCPATH\index.php(67): CodeIgniter\CodeIgniter->run()
